BEGIN: Wed May  6 14:44:45 2026
Extracting as digital. Top ports unique.

Magic 8.3 revision 471 - Compiled on Wed Apr 22 16:23:58 UTC 2026.
Starting magic under Tcl interpreter
Using the terminal as the console.
Using NULL graphics device.
Processing system .magicrc file
Sourcing design magicrc.well for technology sky130A ...
2 Magic internal units = 1 Lambda
Loading tech file /tmp/tmp_i3x0ql8/repo/precheck_results/06_MAY_2026___14_23_57/tmp/sky130A.tech
Input style sky130(): scaleFactor=2, multiplier=2
The following types are not handled by extraction and will be treated as non-electrical types:
    ubm 
Scaled tech values by 2 / 1 to match internal grid scaling
Loading "/tmp/tmp_i3x0ql8/repo/precheck_results/06_MAY_2026___14_23_57/tmp/ext/abstract.tcl" from command line.
Abstracting
CIF input style is now "sky130()"
Abstracting /tmp/tmp_i3x0ql8/repo/gds/user_project_wrapper.gds
Warning: Calma reading is not undoable!  I hope that's OK.
Library written using GDS-II Release 3.0
Library name: user_project_wrapper
Reading "sky130_fd_sc_hd__tapvpwrvgnd_1".
Reading "sky130_fd_sc_hd__decap_3".
Reading "sky130_fd_sc_hd__fill_2".
Reading "sky130_fd_sc_hd__decap_8".
Reading "sky130_ef_sc_hd__decap_12".
Reading "sky130_fd_sc_hd__fill_1".
Reading "sky130_fd_sc_hd__decap_6".
Reading "sky130_fd_sc_hd__decap_4".
Reading "sky130_fd_sc_hd__buf_12".
Reading "sky130_fd_sc_hd__buf_1".
Reading "sky130_fd_sc_hd__diode_2".
Reading "sky130_fd_sc_hd__and3_1".
Reading "sky130_fd_sc_hd__dlygate4sd3_1".
Reading "sky130_fd_sc_hd__inv_2".
Reading "sky130_fd_sc_hd__nand2_1".
Reading "sky130_fd_sc_hd__and2_1".
Reading "sky130_fd_sc_hd__o21a_1".
Reading "sky130_fd_sc_hd__a21o_1".
Reading "sky130_fd_sc_hd__or2_1".
Reading "sky130_fd_sc_hd__and3_2".
Reading "sky130_fd_sc_hd__and2b_1".
Reading "sky130_fd_sc_hd__a31o_1".
Reading "sky130_fd_sc_hd__clkbuf_2".
Reading "sky130_fd_sc_hd__nand2b_1".
Reading "sky130_fd_sc_hd__mux2_1".
Reading "sky130_fd_sc_hd__dfxtp_4".
Reading "sky130_fd_sc_hd__nand3_1".
Reading "sky130_fd_sc_hd__and4_2".
Reading "sky130_fd_sc_hd__conb_1".
Reading "sky130_fd_sc_hd__clkinv_16".
Reading "sky130_fd_sc_hd__xor2_1".
Reading "sky130_fd_sc_hd__nand4_1".
Reading "sky130_fd_sc_hd__dfxtp_1".
Reading "sky130_fd_sc_hd__a32o_1".
Reading "sky130_fd_sc_hd__and4_4".
Reading "sky130_fd_sc_hd__clkbuf_8".
Reading "sky130_fd_sc_hd__buf_2".
Reading "sky130_fd_sc_hd__buf_6".
Reading "sky130_fd_sc_hd__dlymetal6s2s_1".
Reading "sky130_fd_sc_hd__o211a_1".
Reading "sky130_fd_sc_hd__and4b_1".
Reading "sky130_fd_sc_hd__a21o_2".
Reading "sky130_fd_sc_hd__clkbuf_16".
Reading "sky130_fd_sc_hd__buf_4".
Reading "sky130_fd_sc_hd__clkbuf_4".
Reading "sky130_fd_sc_hd__clkdlybuf4s25_1".
Reading "sky130_fd_sc_hd__and3b_1".
Reading "sky130_fd_sc_hd__o2111a_1".
Reading "sky130_fd_sc_hd__a22o_1".
Reading "sky130_fd_sc_hd__buf_8".
Reading "sky130_fd_sc_hd__o21ai_1".
Reading "sky130_fd_sc_hd__nand2_8".
Reading "sky130_fd_sc_hd__a2bb2o_1".
Reading "sky130_fd_sc_hd__a221o_1".
Reading "sky130_fd_sc_hd__nor2_4".
Reading "sky130_fd_sc_hd__clkbuf_1".
Reading "sky130_fd_sc_hd__dfxtp_2".
Reading "user_proj_example".
    5000 uses
    10000 uses
    15000 uses
    20000 uses
    25000 uses
    30000 uses
    35000 uses
    40000 uses
    45000 uses
    50000 uses
    55000 uses
    60000 uses
    65000 uses
    70000 uses
    75000 uses
    80000 uses
    85000 uses
    90000 uses
    95000 uses
    100000 uses
    105000 uses
    110000 uses
    115000 uses
    120000 uses
    125000 uses
    130000 uses
    135000 uses
    140000 uses
    145000 uses
    150000 uses
    155000 uses
    160000 uses
    165000 uses
    170000 uses
    175000 uses
    180000 uses
    185000 uses
    190000 uses
    195000 uses
    200000 uses
    205000 uses
    210000 uses
    215000 uses
    220000 uses
    225000 uses
    230000 uses
    235000 uses
    240000 uses
    245000 uses
    250000 uses
    255000 uses
    260000 uses
    265000 uses
    270000 uses
    275000 uses
    280000 uses
    285000 uses
    290000 uses
    295000 uses
    300000 uses
    305000 uses
    310000 uses
    315000 uses
    320000 uses
    325000 uses
    330000 uses
    335000 uses
    340000 uses
    345000 uses
    350000 uses
    355000 uses
    360000 uses
    365000 uses
    370000 uses
    375000 uses
    380000 uses
    385000 uses
    390000 uses
    395000 uses
    400000 uses
    405000 uses
    410000 uses
    415000 uses
    420000 uses
    425000 uses
    430000 uses
    435000 uses
    440000 uses
    445000 uses
    450000 uses
    455000 uses
    460000 uses
    465000 uses
    470000 uses
    475000 uses
    480000 uses
    485000 uses
Reading "user_project_wrapper".

TIME: read GDS: 00:00:11 


TIME: create subcut: 00:00:00 

Abstracting sky130_fd_sc_hd__fill_1
instance count:0 port count:5
Abstracting sky130_fd_sc_hd__fill_2
instance count:0 port count:5
Abstracting sky130_fd_sc_hd__tapvpwrvgnd_1
instance count:0 port count:3

TIME: create abstract: 00:00:00 

Using technology "sky130A", version 1.0.493

Magic 8.3 revision 471 - Compiled on Wed Apr 22 16:23:58 UTC 2026.
Starting magic under Tcl interpreter
Using the terminal as the console.
Using NULL graphics device.
Processing system .magicrc file
Sourcing design magicrc.well for technology sky130A ...
2 Magic internal units = 1 Lambda
Loading tech file /tmp/tmp_i3x0ql8/repo/precheck_results/06_MAY_2026___14_23_57/tmp/sky130A.tech
Input style sky130(): scaleFactor=2, multiplier=2
The following types are not handled by extraction and will be treated as non-electrical types:
    ubm 
Scaled tech values by 2 / 1 to match internal grid scaling
Loading "/tmp/tmp_i3x0ql8/repo/precheck_results/06_MAY_2026___14_23_57/tmp/ext/extract.tcl" from command line.
Extracting with top ports unique (digital)
CIF input style is now "sky130()"
Flattening 

Extracting /tmp/tmp_i3x0ql8/repo/gds/user_project_wrapper.gds
Warning: Calma reading is not undoable!  I hope that's OK.
Library written using GDS-II Release 3.0
Library name: user_project_wrapper
Reading "sky130_fd_sc_hd__tapvpwrvgnd_1".
Reading "sky130_fd_sc_hd__decap_3".
Reading "sky130_fd_sc_hd__fill_2".
Reading "sky130_fd_sc_hd__decap_8".
Reading "sky130_ef_sc_hd__decap_12".
Reading "sky130_fd_sc_hd__fill_1".
Reading "sky130_fd_sc_hd__decap_6".
Reading "sky130_fd_sc_hd__decap_4".
Reading "sky130_fd_sc_hd__buf_12".
Reading "sky130_fd_sc_hd__buf_1".
Reading "sky130_fd_sc_hd__diode_2".
Reading "sky130_fd_sc_hd__and3_1".
Reading "sky130_fd_sc_hd__dlygate4sd3_1".
Reading "sky130_fd_sc_hd__inv_2".
Reading "sky130_fd_sc_hd__nand2_1".
Reading "sky130_fd_sc_hd__and2_1".
Reading "sky130_fd_sc_hd__o21a_1".
Reading "sky130_fd_sc_hd__a21o_1".
Reading "sky130_fd_sc_hd__or2_1".
Reading "sky130_fd_sc_hd__and3_2".
Reading "sky130_fd_sc_hd__and2b_1".
Reading "sky130_fd_sc_hd__a31o_1".
Reading "sky130_fd_sc_hd__clkbuf_2".
Reading "sky130_fd_sc_hd__nand2b_1".
Reading "sky130_fd_sc_hd__mux2_1".
Reading "sky130_fd_sc_hd__dfxtp_4".
Reading "sky130_fd_sc_hd__nand3_1".
Reading "sky130_fd_sc_hd__and4_2".
Reading "sky130_fd_sc_hd__conb_1".
Reading "sky130_fd_sc_hd__clkinv_16".
Reading "sky130_fd_sc_hd__xor2_1".
Reading "sky130_fd_sc_hd__nand4_1".
Reading "sky130_fd_sc_hd__dfxtp_1".
Reading "sky130_fd_sc_hd__a32o_1".
Reading "sky130_fd_sc_hd__and4_4".
Reading "sky130_fd_sc_hd__clkbuf_8".
Reading "sky130_fd_sc_hd__buf_2".
Reading "sky130_fd_sc_hd__buf_6".
Reading "sky130_fd_sc_hd__dlymetal6s2s_1".
Reading "sky130_fd_sc_hd__o211a_1".
Reading "sky130_fd_sc_hd__and4b_1".
Reading "sky130_fd_sc_hd__a21o_2".
Reading "sky130_fd_sc_hd__clkbuf_16".
Reading "sky130_fd_sc_hd__buf_4".
Reading "sky130_fd_sc_hd__clkbuf_4".
Reading "sky130_fd_sc_hd__clkdlybuf4s25_1".
Reading "sky130_fd_sc_hd__and3b_1".
Reading "sky130_fd_sc_hd__o2111a_1".
Reading "sky130_fd_sc_hd__a22o_1".
Reading "sky130_fd_sc_hd__buf_8".
Reading "sky130_fd_sc_hd__o21ai_1".
Reading "sky130_fd_sc_hd__nand2_8".
Reading "sky130_fd_sc_hd__a2bb2o_1".
Reading "sky130_fd_sc_hd__a221o_1".
Reading "sky130_fd_sc_hd__nor2_4".
Reading "sky130_fd_sc_hd__clkbuf_1".
Reading "sky130_fd_sc_hd__dfxtp_2".
Reading "user_proj_example".
    5000 uses
    10000 uses
    15000 uses
    20000 uses
    25000 uses
    30000 uses
    35000 uses
    40000 uses
    45000 uses
    50000 uses
    55000 uses
    60000 uses
    65000 uses
    70000 uses
    75000 uses
    80000 uses
    85000 uses
    90000 uses
    95000 uses
    100000 uses
    105000 uses
    110000 uses
    115000 uses
    120000 uses
    125000 uses
    130000 uses
    135000 uses
    140000 uses
    145000 uses
    150000 uses
    155000 uses
    160000 uses
    165000 uses
    170000 uses
    175000 uses
    180000 uses
    185000 uses
    190000 uses
    195000 uses
    200000 uses
    205000 uses
    210000 uses
    215000 uses
    220000 uses
    225000 uses
    230000 uses
    235000 uses
    240000 uses
    245000 uses
    250000 uses
    255000 uses
    260000 uses
    265000 uses
    270000 uses
    275000 uses
    280000 uses
    285000 uses
    290000 uses
    295000 uses
    300000 uses
    305000 uses
    310000 uses
    315000 uses
    320000 uses
    325000 uses
    330000 uses
    335000 uses
    340000 uses
    345000 uses
    350000 uses
    355000 uses
    360000 uses
    365000 uses
    370000 uses
    375000 uses
    380000 uses
    385000 uses
    390000 uses
    395000 uses
    400000 uses
    405000 uses
    410000 uses
    415000 uses
    420000 uses
    425000 uses
    430000 uses
    435000 uses
    440000 uses
    445000 uses
    450000 uses
    455000 uses
    460000 uses
    465000 uses
    470000 uses
    475000 uses
    480000 uses
    485000 uses
Reading "user_project_wrapper".

TIME: read GDS: 00:00:11 


TIME: add subcut: 00:00:00 

Abstracting sky130_fd_sc_hd__fill_1
Abstracting sky130_fd_sc_hd__fill_2
Abstracting sky130_fd_sc_hd__tapvpwrvgnd_1

TIME: set abstract: 00:00:00 

Processing sky130_fd_sc_hd__decap_3
Processing sky130_fd_sc_hd__decap_8
Processing sky130_ef_sc_hd__decap_12
Processing sky130_fd_sc_hd__decap_6
Processing sky130_fd_sc_hd__decap_4
Processing sky130_fd_sc_hd__buf_12
Processing sky130_fd_sc_hd__buf_1
Processing sky130_fd_sc_hd__diode_2
Processing sky130_fd_sc_hd__and3_1
Processing sky130_fd_sc_hd__dlygate4sd3_1
Processing sky130_fd_sc_hd__inv_2
Processing sky130_fd_sc_hd__nand2_1
Processing sky130_fd_sc_hd__and2_1
Processing sky130_fd_sc_hd__o21a_1
Processing sky130_fd_sc_hd__a21o_1
Processing sky130_fd_sc_hd__or2_1
Processing sky130_fd_sc_hd__and3_2
Processing sky130_fd_sc_hd__and2b_1
Processing sky130_fd_sc_hd__a31o_1
Processing sky130_fd_sc_hd__clkbuf_2
Processing sky130_fd_sc_hd__nand2b_1
Processing sky130_fd_sc_hd__mux2_1
Processing sky130_fd_sc_hd__dfxtp_4
Processing sky130_fd_sc_hd__nand3_1
Processing sky130_fd_sc_hd__and4_2
Processing sky130_fd_sc_hd__conb_1
Processing sky130_fd_sc_hd__clkinv_16
Processing sky130_fd_sc_hd__xor2_1
Processing sky130_fd_sc_hd__nand4_1
Processing sky130_fd_sc_hd__dfxtp_1
Processing sky130_fd_sc_hd__a32o_1
Processing sky130_fd_sc_hd__and4_4
Processing sky130_fd_sc_hd__clkbuf_8
Processing sky130_fd_sc_hd__buf_2
Processing sky130_fd_sc_hd__buf_6
Processing sky130_fd_sc_hd__dlymetal6s2s_1
Processing sky130_fd_sc_hd__o211a_1
Processing sky130_fd_sc_hd__and4b_1
Processing sky130_fd_sc_hd__a21o_2
Processing sky130_fd_sc_hd__clkbuf_16
Processing sky130_fd_sc_hd__buf_4
Processing sky130_fd_sc_hd__clkbuf_4
Processing sky130_fd_sc_hd__clkdlybuf4s25_1
Processing sky130_fd_sc_hd__and3b_1
Processing sky130_fd_sc_hd__o2111a_1
Processing sky130_fd_sc_hd__a22o_1
Processing sky130_fd_sc_hd__buf_8
Processing sky130_fd_sc_hd__o21ai_1
Processing sky130_fd_sc_hd__nand2_8
Processing sky130_fd_sc_hd__a2bb2o_1
Processing sky130_fd_sc_hd__a221o_1
Processing sky130_fd_sc_hd__nor2_4
Processing sky130_fd_sc_hd__clkbuf_1
Processing sky130_fd_sc_hd__dfxtp_2
Processing user_proj_example
Processing user_project_wrapper
The following types are not handled by extraction and will be treated as non-electrical types:
    ubm 
Extraction style is now "ngspice()"
Extracting sky130_fd_sc_hd__tapvpwrvgnd_1 into sky130_fd_sc_hd__tapvpwrvgnd_1.ext:
Extracting sky130_fd_sc_hd__decap_3 into sky130_fd_sc_hd__decap_3.ext:
sky130_fd_sc_hd__decap_3: 2 warnings
Extracting sky130_fd_sc_hd__fill_2 into sky130_fd_sc_hd__fill_2.ext:
Extracting sky130_fd_sc_hd__decap_8 into sky130_fd_sc_hd__decap_8.ext:
sky130_fd_sc_hd__decap_8: 2 warnings
Extracting sky130_ef_sc_hd__decap_12 into sky130_ef_sc_hd__decap_12.ext:
sky130_ef_sc_hd__decap_12: 2 warnings
Extracting sky130_fd_sc_hd__fill_1 into sky130_fd_sc_hd__fill_1.ext:
Extracting sky130_fd_sc_hd__decap_6 into sky130_fd_sc_hd__decap_6.ext:
sky130_fd_sc_hd__decap_6: 2 warnings
Extracting sky130_fd_sc_hd__decap_4 into sky130_fd_sc_hd__decap_4.ext:
sky130_fd_sc_hd__decap_4: 2 warnings
Extracting sky130_fd_sc_hd__buf_12 into sky130_fd_sc_hd__buf_12.ext:
Extracting sky130_fd_sc_hd__buf_1 into sky130_fd_sc_hd__buf_1.ext:
Extracting sky130_fd_sc_hd__diode_2 into sky130_fd_sc_hd__diode_2.ext:
sky130_fd_sc_hd__diode_2: 1 warning
Extracting sky130_fd_sc_hd__and3_1 into sky130_fd_sc_hd__and3_1.ext:
Extracting sky130_fd_sc_hd__dlygate4sd3_1 into sky130_fd_sc_hd__dlygate4sd3_1.ext:
Extracting sky130_fd_sc_hd__inv_2 into sky130_fd_sc_hd__inv_2.ext:
Extracting sky130_fd_sc_hd__nand2_1 into sky130_fd_sc_hd__nand2_1.ext:
Extracting sky130_fd_sc_hd__and2_1 into sky130_fd_sc_hd__and2_1.ext:
Extracting sky130_fd_sc_hd__o21a_1 into sky130_fd_sc_hd__o21a_1.ext:
Extracting sky130_fd_sc_hd__a21o_1 into sky130_fd_sc_hd__a21o_1.ext:
Extracting sky130_fd_sc_hd__or2_1 into sky130_fd_sc_hd__or2_1.ext:
Extracting sky130_fd_sc_hd__and3_2 into sky130_fd_sc_hd__and3_2.ext:
Extracting sky130_fd_sc_hd__and2b_1 into sky130_fd_sc_hd__and2b_1.ext:
Extracting sky130_fd_sc_hd__a31o_1 into sky130_fd_sc_hd__a31o_1.ext:
Extracting sky130_fd_sc_hd__clkbuf_2 into sky130_fd_sc_hd__clkbuf_2.ext:
Extracting sky130_fd_sc_hd__nand2b_1 into sky130_fd_sc_hd__nand2b_1.ext:
Extracting sky130_fd_sc_hd__mux2_1 into sky130_fd_sc_hd__mux2_1.ext:
Extracting sky130_fd_sc_hd__dfxtp_4 into sky130_fd_sc_hd__dfxtp_4.ext:
Extracting sky130_fd_sc_hd__nand3_1 into sky130_fd_sc_hd__nand3_1.ext:
Extracting sky130_fd_sc_hd__and4_2 into sky130_fd_sc_hd__and4_2.ext:
Extracting sky130_fd_sc_hd__conb_1 into sky130_fd_sc_hd__conb_1.ext:
Extracting sky130_fd_sc_hd__clkinv_16 into sky130_fd_sc_hd__clkinv_16.ext:
Extracting sky130_fd_sc_hd__xor2_1 into sky130_fd_sc_hd__xor2_1.ext:
Extracting sky130_fd_sc_hd__nand4_1 into sky130_fd_sc_hd__nand4_1.ext:
Extracting sky130_fd_sc_hd__dfxtp_1 into sky130_fd_sc_hd__dfxtp_1.ext:
Extracting sky130_fd_sc_hd__a32o_1 into sky130_fd_sc_hd__a32o_1.ext:
Extracting sky130_fd_sc_hd__and4_4 into sky130_fd_sc_hd__and4_4.ext:
Extracting sky130_fd_sc_hd__clkbuf_8 into sky130_fd_sc_hd__clkbuf_8.ext:
Extracting sky130_fd_sc_hd__buf_2 into sky130_fd_sc_hd__buf_2.ext:
Extracting sky130_fd_sc_hd__buf_6 into sky130_fd_sc_hd__buf_6.ext:
Extracting sky130_fd_sc_hd__dlymetal6s2s_1 into sky130_fd_sc_hd__dlymetal6s2s_1.ext:
Extracting sky130_fd_sc_hd__o211a_1 into sky130_fd_sc_hd__o211a_1.ext:
Extracting sky130_fd_sc_hd__and4b_1 into sky130_fd_sc_hd__and4b_1.ext:
Extracting sky130_fd_sc_hd__a21o_2 into sky130_fd_sc_hd__a21o_2.ext:
Extracting sky130_fd_sc_hd__clkbuf_16 into sky130_fd_sc_hd__clkbuf_16.ext:
Extracting sky130_fd_sc_hd__buf_4 into sky130_fd_sc_hd__buf_4.ext:
Extracting sky130_fd_sc_hd__clkbuf_4 into sky130_fd_sc_hd__clkbuf_4.ext:
Extracting sky130_fd_sc_hd__clkdlybuf4s25_1 into sky130_fd_sc_hd__clkdlybuf4s25_1.ext:
Extracting sky130_fd_sc_hd__and3b_1 into sky130_fd_sc_hd__and3b_1.ext:
Extracting sky130_fd_sc_hd__o2111a_1 into sky130_fd_sc_hd__o2111a_1.ext:
Extracting sky130_fd_sc_hd__a22o_1 into sky130_fd_sc_hd__a22o_1.ext:
Extracting sky130_fd_sc_hd__buf_8 into sky130_fd_sc_hd__buf_8.ext:
Extracting sky130_fd_sc_hd__o21ai_1 into sky130_fd_sc_hd__o21ai_1.ext:
Extracting sky130_fd_sc_hd__nand2_8 into sky130_fd_sc_hd__nand2_8.ext:
Extracting sky130_fd_sc_hd__a2bb2o_1 into sky130_fd_sc_hd__a2bb2o_1.ext:
Extracting sky130_fd_sc_hd__a221o_1 into sky130_fd_sc_hd__a221o_1.ext:
Extracting sky130_fd_sc_hd__nor2_4 into sky130_fd_sc_hd__nor2_4.ext:
Extracting sky130_fd_sc_hd__clkbuf_1 into sky130_fd_sc_hd__clkbuf_1.ext:
Extracting sky130_fd_sc_hd__dfxtp_2 into sky130_fd_sc_hd__dfxtp_2.ext:
Extracting user_proj_example into user_proj_example.ext:
Extracting user_project_wrapper into user_project_wrapper.ext:
Total of 11 warnings.

TIME: extract: 00:07:29 

Devs merged: 0
Devs merged: 0
Devs merged: 0
Devs merged: 0
Devs merged: 0
Devs merged: 2
Devs merged: 2
Devs merged: 2
Devs merged: 8
Devs merged: 8
Devs merged: 8
Devs merged: 8
Devs merged: 36
Devs merged: 36
Devs merged: 36
Devs merged: 36
Devs merged: 38
Devs merged: 38
Devs merged: 38
Devs merged: 40
Devs merged: 40
Devs merged: 42
Devs merged: 42
Devs merged: 42
Devs merged: 58
Devs merged: 58
Devs merged: 60
Devs merged: 60
Devs merged: 60
Devs merged: 60
Devs merged: 96
Devs merged: 96
Devs merged: 96
Devs merged: 96
Devs merged: 98
Devs merged: 98
Devs merged: 104
Devs merged: 104
Devs merged: 104
Devs merged: 104
Devs merged: 106
Devs merged: 106
Devs merged: 106
Devs merged: 124
Devs merged: 136
Devs merged: 142
Devs merged: 148
Devs merged: 160
Devs merged: 188
Devs merged: 188
Devs merged: 226
Devs merged: 226
Devs merged: 226
Devs merged: 226
Devs merged: 226
Devs merged: 226
exttospice finished.

TIME: netlist: 00:00:38 

Using technology "sky130A", version 1.0.493
END: Wed May  6 14:53:35 2026
Runtime: 0:08:50 (hh:mm:ss)
