"input" in: sky130A_mr.drc:180
    Polygons (raw): 694995 (flat)  145 (hierarchical)
    Elapsed: 0.200s  Memory: 946.00M
"polygons" in: sky130A_mr.drc:181
    Polygons (raw): 138456 (flat)  2 (hierarchical)
    Elapsed: 0.130s  Memory: 953.00M
"polygons" in: sky130A_mr.drc:182
    Polygons (raw): 487167 (flat)  57 (hierarchical)
    Elapsed: 0.130s  Memory: 953.00M
"polygons" in: sky130A_mr.drc:183
    Polygons (raw): 0 (flat)  0 (hierarchical)
    Elapsed: 0.000s  Memory: 953.00M
"polygons" in: sky130A_mr.drc:184
    Polygons (raw): 0 (flat)  0 (hierarchical)
    Elapsed: 0.000s  Memory: 953.00M
"polygons" in: sky130A_mr.drc:185
    Polygons (raw): 0 (flat)  0 (hierarchical)
    Elapsed: 0.000s  Memory: 953.00M
"polygons" in: sky130A_mr.drc:186
    Polygons (raw): 0 (flat)  0 (hierarchical)
    Elapsed: 0.000s  Memory: 953.00M
"polygons" in: sky130A_mr.drc:187
    Polygons (raw): 0 (flat)  0 (hierarchical)
    Elapsed: 0.000s  Memory: 953.00M
"polygons" in: sky130A_mr.drc:188
    Polygons (raw): 487251 (flat)  59 (hierarchical)
    Elapsed: 0.090s  Memory: 953.00M
"polygons" in: sky130A_mr.drc:189
    Polygons (raw): 0 (flat)  0 (hierarchical)
    Elapsed: 0.020s  Memory: 953.00M
"polygons" in: sky130A_mr.drc:190
    Polygons (raw): 0 (flat)  0 (hierarchical)
    Elapsed: 0.000s  Memory: 953.00M
"polygons" in: sky130A_mr.drc:191
    Polygons (raw): 0 (flat)  0 (hierarchical)
    Elapsed: 0.000s  Memory: 953.00M
"polygons" in: sky130A_mr.drc:192
    Polygons (raw): 0 (flat)  0 (hierarchical)
    Elapsed: 0.000s  Memory: 953.00M
"polygons" in: sky130A_mr.drc:193
    Polygons (raw): 696394 (flat)  329 (hierarchical)
    Elapsed: 0.100s  Memory: 953.00M
"polygons" in: sky130A_mr.drc:194
    Polygons (raw): 0 (flat)  0 (hierarchical)
    Elapsed: 0.010s  Memory: 953.00M
"polygons" in: sky130A_mr.drc:195
    Polygons (raw): 556395 (flat)  58 (hierarchical)
    Elapsed: 0.100s  Memory: 953.00M
"polygons" in: sky130A_mr.drc:196
    Polygons (raw): 556395 (flat)  58 (hierarchical)
    Elapsed: 0.120s  Memory: 953.00M
"polygons" in: sky130A_mr.drc:197
    Polygons (raw): 0 (flat)  0 (hierarchical)
    Elapsed: 0.000s  Memory: 953.00M
"polygons" in: sky130A_mr.drc:198
    Polygons (raw): 0 (flat)  0 (hierarchical)
    Elapsed: 0.000s  Memory: 953.00M
"polygons" in: sky130A_mr.drc:199
    Polygons (raw): 347193 (flat)  64 (hierarchical)
    Elapsed: 0.100s  Memory: 953.00M
"polygons" in: sky130A_mr.drc:200
    Polygons (raw): 2584800 (flat)  1399 (hierarchical)
    Elapsed: 0.130s  Memory: 953.00M
"polygons" in: sky130A_mr.drc:202
    Polygons (raw): 2223808 (flat)  2961 (hierarchical)
    Elapsed: 0.100s  Memory: 953.00M
"polygons" in: sky130A_mr.drc:203
    Polygons (raw): 0 (flat)  0 (hierarchical)
    Elapsed: 0.030s  Memory: 953.00M
"polygons" in: sky130A_mr.drc:204
    Polygons (raw): 7749766 (flat)  3222 (hierarchical)
    Elapsed: 0.100s  Memory: 953.00M
"polygons" in: sky130A_mr.drc:206
    Polygons (raw): 985662 (flat)  11322 (hierarchical)
    Elapsed: 0.110s  Memory: 953.00M
"polygons" in: sky130A_mr.drc:207
    Polygons (raw): 61925 (flat)  61925 (hierarchical)
    Elapsed: 0.200s  Memory: 953.00M
"polygons" in: sky130A_mr.drc:209
    Polygons (raw): 20651 (flat)  20651 (hierarchical)
    Elapsed: 0.140s  Memory: 953.00M
"polygons" in: sky130A_mr.drc:210
    Polygons (raw): 48242 (flat)  48242 (hierarchical)
    Elapsed: 0.170s  Memory: 953.00M
"polygons" in: sky130A_mr.drc:212
    Polygons (raw): 14970 (flat)  14970 (hierarchical)
    Elapsed: 0.170s  Memory: 953.00M
"polygons" in: sky130A_mr.drc:213
    Polygons (raw): 47510 (flat)  47510 (hierarchical)
    Elapsed: 0.170s  Memory: 953.00M
"polygons" in: sky130A_mr.drc:215
    Polygons (raw): 759 (flat)  759 (hierarchical)
    Elapsed: 0.120s  Memory: 953.00M
"polygons" in: sky130A_mr.drc:216
    Polygons (raw): 12822 (flat)  12822 (hierarchical)
    Elapsed: 0.030s  Memory: 953.00M
"polygons" in: sky130A_mr.drc:218
    Polygons (raw): 172 (flat)  172 (hierarchical)
    Elapsed: 0.000s  Memory: 953.00M
"polygons" in: sky130A_mr.drc:220
    Polygons (raw): 0 (flat)  0 (hierarchical)
    Elapsed: 0.000s  Memory: 953.00M
"polygons" in: sky130A_mr.drc:221
    Polygons (raw): 0 (flat)  0 (hierarchical)
    Elapsed: 0.000s  Memory: 953.00M
"polygons" in: sky130A_mr.drc:222
    Polygons (raw): 0 (flat)  0 (hierarchical)
    Elapsed: 0.000s  Memory: 953.00M
"polygons" in: sky130A_mr.drc:223
    Polygons (raw): 0 (flat)  0 (hierarchical)
    Elapsed: 0.000s  Memory: 953.00M
"polygons" in: sky130A_mr.drc:224
    Polygons (raw): 0 (flat)  0 (hierarchical)
    Elapsed: 0.000s  Memory: 953.00M
"polygons" in: sky130A_mr.drc:225
    Polygons (raw): 0 (flat)  0 (hierarchical)
    Elapsed: 0.010s  Memory: 953.00M
"polygons" in: sky130A_mr.drc:226
    Polygons (raw): 0 (flat)  0 (hierarchical)
    Elapsed: 0.000s  Memory: 953.00M
"polygons" in: sky130A_mr.drc:227
    Polygons (raw): 0 (flat)  0 (hierarchical)
    Elapsed: 0.000s  Memory: 953.00M
"polygons" in: sky130A_mr.drc:228
    Polygons (raw): 0 (flat)  0 (hierarchical)
    Elapsed: 0.000s  Memory: 953.00M
"polygons" in: sky130A_mr.drc:229
    Polygons (raw): 0 (flat)  0 (hierarchical)
    Elapsed: 0.000s  Memory: 953.00M
"polygons" in: sky130A_mr.drc:230
    Polygons (raw): 0 (flat)  0 (hierarchical)
    Elapsed: 0.000s  Memory: 953.00M
"polygons" in: sky130A_mr.drc:231
    Polygons (raw): 0 (flat)  0 (hierarchical)
    Elapsed: 0.000s  Memory: 953.00M
"polygons" in: sky130A_mr.drc:232
    Polygons (raw): 0 (flat)  0 (hierarchical)
    Elapsed: 0.010s  Memory: 953.00M
"polygons" in: sky130A_mr.drc:233
    Polygons (raw): 0 (flat)  0 (hierarchical)
    Elapsed: 0.000s  Memory: 953.00M
"polygons" in: sky130A_mr.drc:234
    Polygons (raw): 0 (flat)  0 (hierarchical)
    Elapsed: 0.000s  Memory: 953.00M
"polygons" in: sky130A_mr.drc:235
    Polygons (raw): 0 (flat)  0 (hierarchical)
    Elapsed: 0.000s  Memory: 953.00M
"polygons" in: sky130A_mr.drc:236
    Polygons (raw): 0 (flat)  0 (hierarchical)
    Elapsed: 0.000s  Memory: 953.00M
"polygons" in: sky130A_mr.drc:237
    Polygons (raw): 0 (flat)  0 (hierarchical)
    Elapsed: 0.000s  Memory: 953.00M
"polygons" in: sky130A_mr.drc:238
    Polygons (raw): 487167 (flat)  57 (hierarchical)
    Elapsed: 0.100s  Memory: 953.00M
"polygons" in: sky130A_mr.drc:239
    Polygons (raw): 0 (flat)  0 (hierarchical)
    Elapsed: 0.000s  Memory: 953.00M
"polygons" in: sky130A_mr.drc:240
    Polygons (raw): 0 (flat)  0 (hierarchical)
    Elapsed: 0.000s  Memory: 953.00M
"polygons" in: sky130A_mr.drc:241
    Polygons (raw): 0 (flat)  0 (hierarchical)
    Elapsed: 0.000s  Memory: 953.00M
"polygons" in: sky130A_mr.drc:242
    Polygons (raw): 0 (flat)  0 (hierarchical)
    Elapsed: 0.000s  Memory: 953.00M
"polygons" in: sky130A_mr.drc:243
    Polygons (raw): 0 (flat)  0 (hierarchical)
    Elapsed: 0.000s  Memory: 953.00M
"polygons" in: sky130A_mr.drc:244
    Polygons (raw): 0 (flat)  0 (hierarchical)
    Elapsed: 0.000s  Memory: 953.00M
"polygons" in: sky130A_mr.drc:245
    Polygons (raw): 0 (flat)  0 (hierarchical)
    Elapsed: 0.000s  Memory: 953.00M
"polygons" in: sky130A_mr.drc:246
    Polygons (raw): 2 (flat)  2 (hierarchical)
    Elapsed: 0.130s  Memory: 953.00M
"polygons" in: sky130A_mr.drc:247
    Polygons (raw): 0 (flat)  0 (hierarchical)
    Elapsed: 0.020s  Memory: 953.00M
"polygons" in: sky130A_mr.drc:248
    Polygons (raw): 0 (flat)  0 (hierarchical)
    Elapsed: 0.000s  Memory: 953.00M
"polygons" in: sky130A_mr.drc:249
    Polygons (raw): 0 (flat)  0 (hierarchical)
    Elapsed: 0.000s  Memory: 953.00M
"polygons" in: sky130A_mr.drc:250
    Polygons (raw): 0 (flat)  0 (hierarchical)
    Elapsed: 0.000s  Memory: 953.00M
"polygons" in: sky130A_mr.drc:251
    Polygons (raw): 765 (flat)  1 (hierarchical)
    Elapsed: 0.120s  Memory: 953.00M
"polygons" in: sky130A_mr.drc:252
    Polygons (raw): 0 (flat)  0 (hierarchical)
    Elapsed: 0.000s  Memory: 953.00M
"polygons" in: sky130A_mr.drc:253
    Polygons (raw): 0 (flat)  0 (hierarchical)
    Elapsed: 0.000s  Memory: 953.00M
"polygons" in: sky130A_mr.drc:254
    Polygons (raw): 0 (flat)  0 (hierarchical)
    Elapsed: 0.000s  Memory: 953.00M
"polygons" in: sky130A_mr.drc:255
    Polygons (raw): 0 (flat)  0 (hierarchical)
    Elapsed: 0.000s  Memory: 953.00M
"polygons" in: sky130A_mr.drc:256
    Polygons (raw): 0 (flat)  0 (hierarchical)
    Elapsed: 0.000s  Memory: 953.00M
"polygons" in: sky130A_mr.drc:257
    Polygons (raw): 0 (flat)  0 (hierarchical)
    Elapsed: 0.000s  Memory: 953.00M
"polygons" in: sky130A_mr.drc:258
    Polygons (raw): 0 (flat)  0 (hierarchical)
    Elapsed: 0.000s  Memory: 953.00M
"polygons" in: sky130A_mr.drc:259
    Polygons (raw): 0 (flat)  0 (hierarchical)
    Elapsed: 0.000s  Memory: 953.00M
"polygons" in: sky130A_mr.drc:260
    Polygons (raw): 0 (flat)  0 (hierarchical)
    Elapsed: 0.000s  Memory: 953.00M
"polygons" in: sky130A_mr.drc:261
    Polygons (raw): 0 (flat)  0 (hierarchical)
    Elapsed: 0.000s  Memory: 953.00M
"polygons" in: sky130A_mr.drc:262
    Polygons (raw): 0 (flat)  0 (hierarchical)
    Elapsed: 0.000s  Memory: 953.00M
"polygons" in: sky130A_mr.drc:263
    Polygons (raw): 0 (flat)  0 (hierarchical)
    Elapsed: 0.000s  Memory: 953.00M
"polygons" in: sky130A_mr.drc:264
    Polygons (raw): 0 (flat)  0 (hierarchical)
    Elapsed: 0.000s  Memory: 953.00M
"polygons" in: sky130A_mr.drc:265
    Polygons (raw): 0 (flat)  0 (hierarchical)
    Elapsed: 0.000s  Memory: 953.00M
"polygons" in: sky130A_mr.drc:266
    Polygons (raw): 0 (flat)  0 (hierarchical)
    Elapsed: 0.000s  Memory: 953.00M
"polygons" in: sky130A_mr.drc:267
    Polygons (raw): 0 (flat)  0 (hierarchical)
    Elapsed: 0.000s  Memory: 953.00M
"polygons" in: sky130A_mr.drc:268
    Polygons (raw): 0 (flat)  0 (hierarchical)
    Elapsed: 0.000s  Memory: 953.00M
"polygons" in: sky130A_mr.drc:269
    Polygons (raw): 0 (flat)  0 (hierarchical)
    Elapsed: 0.000s  Memory: 953.00M
"polygons" in: sky130A_mr.drc:270
    Polygons (raw): 0 (flat)  0 (hierarchical)
    Elapsed: 0.000s  Memory: 953.00M
"polygons" in: sky130A_mr.drc:271
    Polygons (raw): 0 (flat)  0 (hierarchical)
    Elapsed: 0.000s  Memory: 953.00M
"polygons" in: sky130A_mr.drc:272
    Polygons (raw): 0 (flat)  0 (hierarchical)
    Elapsed: 0.000s  Memory: 953.00M
"polygons" in: sky130A_mr.drc:273
    Polygons (raw): 0 (flat)  0 (hierarchical)
    Elapsed: 0.000s  Memory: 953.00M
"polygons" in: sky130A_mr.drc:274
    Polygons (raw): 0 (flat)  0 (hierarchical)
    Elapsed: 0.000s  Memory: 953.00M
"polygons" in: sky130A_mr.drc:275
    Polygons (raw): 0 (flat)  0 (hierarchical)
    Elapsed: 0.000s  Memory: 953.00M
"merged" in: sky130A_mr.drc:277
    Polygons (raw): 0 (flat)  0 (hierarchical)
    Elapsed: 0.000s  Memory: 953.00M
DRC section
OFFGRID-ANGLES section
"ongrid" in: sky130A_mr.drc:1675
    Edge pairs: 0 (flat)  0 (hierarchical)
    Elapsed: 0.000s  Memory: 953.00M
"output" in: sky130A_mr.drc:1675
    Edge pairs: 0 (flat)  0 (hierarchical)
    Elapsed: 0.010s  Memory: 953.00M
"with_angle" in: sky130A_mr.drc:1679
    Edge pairs: 0 (flat)  0 (hierarchical)
    Elapsed: 0.000s  Memory: 953.00M
"output" in: sky130A_mr.drc:1679
    Edge pairs: 0 (flat)  0 (hierarchical)
    Elapsed: 0.000s  Memory: 953.00M
"ongrid" in: sky130A_mr.drc:1683
    Edge pairs: 0 (flat)  0 (hierarchical)
    Elapsed: 7.640s  Memory: 1117.00M
"output" in: sky130A_mr.drc:1683
    Edge pairs: 0 (flat)  0 (hierarchical)
    Elapsed: 0.020s  Memory: 1117.00M
"with_angle" in: sky130A_mr.drc:1684
    Edge pairs: 0 (flat)  0 (hierarchical)
    Elapsed: 0.000s  Memory: 1117.00M
"output" in: sky130A_mr.drc:1684
    Edge pairs: 0 (flat)  0 (hierarchical)
    Elapsed: 0.000s  Memory: 1117.00M
"ongrid" in: sky130A_mr.drc:1688
    Edge pairs: 0 (flat)  0 (hierarchical)
    Elapsed: 0.000s  Memory: 1117.00M
"output" in: sky130A_mr.drc:1688
    Edge pairs: 0 (flat)  0 (hierarchical)
    Elapsed: 0.000s  Memory: 1117.00M
"with_angle" in: sky130A_mr.drc:1689
    Edge pairs: 0 (flat)  0 (hierarchical)
    Elapsed: 0.000s  Memory: 1117.00M
"output" in: sky130A_mr.drc:1689
    Edge pairs: 0 (flat)  0 (hierarchical)
    Elapsed: 0.000s  Memory: 1117.00M
"ongrid" in: sky130A_mr.drc:1690
    Edge pairs: 0 (flat)  0 (hierarchical)
    Elapsed: 0.000s  Memory: 1117.00M
"output" in: sky130A_mr.drc:1690
    Edge pairs: 0 (flat)  0 (hierarchical)
    Elapsed: 0.000s  Memory: 1117.00M
"with_angle" in: sky130A_mr.drc:1691
    Edge pairs: 0 (flat)  0 (hierarchical)
    Elapsed: 0.000s  Memory: 1117.00M
"output" in: sky130A_mr.drc:1691
    Edge pairs: 0 (flat)  0 (hierarchical)
    Elapsed: 0.000s  Memory: 1117.00M
"ongrid" in: sky130A_mr.drc:1692
    Edge pairs: 0 (flat)  0 (hierarchical)
    Elapsed: 6.850s  Memory: 1117.00M
"output" in: sky130A_mr.drc:1692
    Edge pairs: 0 (flat)  0 (hierarchical)
    Elapsed: 0.030s  Memory: 1117.00M
"with_angle" in: sky130A_mr.drc:1693
    Edge pairs: 0 (flat)  0 (hierarchical)
    Elapsed: 0.000s  Memory: 1117.00M
"output" in: sky130A_mr.drc:1693
    Edge pairs: 0 (flat)  0 (hierarchical)
    Elapsed: 0.000s  Memory: 1117.00M
"ongrid" in: sky130A_mr.drc:1694
    Edge pairs: 0 (flat)  0 (hierarchical)
    Elapsed: 0.000s  Memory: 1117.00M
"output" in: sky130A_mr.drc:1694
    Edge pairs: 0 (flat)  0 (hierarchical)
    Elapsed: 0.000s  Memory: 1117.00M
"with_angle" in: sky130A_mr.drc:1695
    Edge pairs: 0 (flat)  0 (hierarchical)
    Elapsed: 0.000s  Memory: 1117.00M
"output" in: sky130A_mr.drc:1695
    Edge pairs: 0 (flat)  0 (hierarchical)
    Elapsed: 0.000s  Memory: 1117.00M
"ongrid" in: sky130A_mr.drc:1696
    Edge pairs: 0 (flat)  0 (hierarchical)
    Elapsed: 0.000s  Memory: 1117.00M
"output" in: sky130A_mr.drc:1696
    Edge pairs: 0 (flat)  0 (hierarchical)
    Elapsed: 0.000s  Memory: 1117.00M
"with_angle" in: sky130A_mr.drc:1697
    Edge pairs: 0 (flat)  0 (hierarchical)
    Elapsed: 0.000s  Memory: 1117.00M
"output" in: sky130A_mr.drc:1697
    Edge pairs: 0 (flat)  0 (hierarchical)
    Elapsed: 0.000s  Memory: 1117.00M
"ongrid" in: sky130A_mr.drc:1698
    Edge pairs: 0 (flat)  0 (hierarchical)
    Elapsed: 0.000s  Memory: 1117.00M
"output" in: sky130A_mr.drc:1698
    Edge pairs: 0 (flat)  0 (hierarchical)
    Elapsed: 0.000s  Memory: 1117.00M
"with_angle" in: sky130A_mr.drc:1699
    Edge pairs: 0 (flat)  0 (hierarchical)
    Elapsed: 0.000s  Memory: 1117.00M
"output" in: sky130A_mr.drc:1699
    Edge pairs: 0 (flat)  0 (hierarchical)
    Elapsed: 0.000s  Memory: 1117.00M
"ongrid" in: sky130A_mr.drc:1700
    Edge pairs: 0 (flat)  0 (hierarchical)
    Elapsed: 1.280s  Memory: 1117.00M
"output" in: sky130A_mr.drc:1700
    Edge pairs: 0 (flat)  0 (hierarchical)
    Elapsed: 0.030s  Memory: 1117.00M
"ongrid" in: sky130A_mr.drc:1701
    Edge pairs: 0 (flat)  0 (hierarchical)
    Elapsed: 0.530s  Memory: 1117.00M
"output" in: sky130A_mr.drc:1701
    Edge pairs: 0 (flat)  0 (hierarchical)
    Elapsed: 0.020s  Memory: 1117.00M
"&" in: sky130A_mr.drc:1703
    Polygons (raw): 0 (flat)  0 (hierarchical)
    Elapsed: 0.000s  Memory: 1117.00M
"-" in: sky130A_mr.drc:1703
    Polygons (raw): 694995 (flat)  145 (hierarchical)
    Elapsed: 0.000s  Memory: 1117.00M
"with_angle" in: sky130A_mr.drc:1704
    Edge pairs: 0 (flat)  0 (hierarchical)
    Elapsed: 1.050s  Memory: 1117.00M
"output" in: sky130A_mr.drc:1705
    Edge pairs: 0 (flat)  0 (hierarchical)
    Elapsed: 0.150s  Memory: 1117.00M
"&" in: sky130A_mr.drc:1707
    Polygons (raw): 0 (flat)  0 (hierarchical)
    Elapsed: 0.000s  Memory: 1117.00M
"&" in: sky130A_mr.drc:1707
    Polygons (raw): 0 (flat)  0 (hierarchical)
    Elapsed: 0.000s  Memory: 1117.00M
"with_angle" in: sky130A_mr.drc:1708
    Edge pairs: 0 (flat)  0 (hierarchical)
    Elapsed: 0.000s  Memory: 1117.00M
"output" in: sky130A_mr.drc:1709
    Edge pairs: 0 (flat)  0 (hierarchical)
    Elapsed: 0.000s  Memory: 1117.00M
"&" in: sky130A_mr.drc:1711
    Polygons (raw): 0 (flat)  0 (hierarchical)
    Elapsed: 0.000s  Memory: 1117.00M
"-" in: sky130A_mr.drc:1711
    Polygons (raw): 138456 (flat)  2 (hierarchical)
    Elapsed: 0.000s  Memory: 1117.00M
"with_angle" in: sky130A_mr.drc:1712
    Edge pairs: 0 (flat)  0 (hierarchical)
    Elapsed: 0.310s  Memory: 1117.00M
"output" in: sky130A_mr.drc:1713
    Edge pairs: 0 (flat)  0 (hierarchical)
    Elapsed: 0.150s  Memory: 1117.00M
"&" in: sky130A_mr.drc:1715
    Polygons (raw): 0 (flat)  0 (hierarchical)
    Elapsed: 0.000s  Memory: 1117.00M
"&" in: sky130A_mr.drc:1715
    Polygons (raw): 0 (flat)  0 (hierarchical)
    Elapsed: 0.000s  Memory: 1117.00M
"with_angle" in: sky130A_mr.drc:1716
    Edge pairs: 0 (flat)  0 (hierarchical)
    Elapsed: 0.000s  Memory: 1117.00M
"output" in: sky130A_mr.drc:1717
    Edge pairs: 0 (flat)  0 (hierarchical)
    Elapsed: 0.000s  Memory: 1117.00M
"ongrid" in: sky130A_mr.drc:1718
    Edge pairs: 0 (flat)  0 (hierarchical)
    Elapsed: 0.010s  Memory: 1117.00M
"output" in: sky130A_mr.drc:1718
    Edge pairs: 0 (flat)  0 (hierarchical)
    Elapsed: 0.000s  Memory: 1117.00M
"with_angle" in: sky130A_mr.drc:1719
    Edge pairs: 0 (flat)  0 (hierarchical)
    Elapsed: 0.000s  Memory: 1117.00M
"output" in: sky130A_mr.drc:1719
    Edge pairs: 0 (flat)  0 (hierarchical)
    Elapsed: 0.000s  Memory: 1117.00M
"ongrid" in: sky130A_mr.drc:1720
    Edge pairs: 0 (flat)  0 (hierarchical)
    Elapsed: 1.260s  Memory: 1117.00M
"output" in: sky130A_mr.drc:1720
    Edge pairs: 0 (flat)  0 (hierarchical)
    Elapsed: 0.030s  Memory: 1117.00M
"with_angle" in: sky130A_mr.drc:1721
    Edge pairs: 0 (flat)  0 (hierarchical)
    Elapsed: 0.000s  Memory: 1117.00M
"output" in: sky130A_mr.drc:1721
    Edge pairs: 0 (flat)  0 (hierarchical)
    Elapsed: 0.000s  Memory: 1117.00M
"ongrid" in: sky130A_mr.drc:1722
    Edge pairs: 0 (flat)  0 (hierarchical)
    Elapsed: 0.000s  Memory: 1117.00M
"output" in: sky130A_mr.drc:1722
    Edge pairs: 0 (flat)  0 (hierarchical)
    Elapsed: 0.000s  Memory: 1117.00M
"with_angle" in: sky130A_mr.drc:1723
    Edge pairs: 0 (flat)  0 (hierarchical)
    Elapsed: 0.000s  Memory: 1117.00M
"output" in: sky130A_mr.drc:1723
    Edge pairs: 0 (flat)  0 (hierarchical)
    Elapsed: 0.000s  Memory: 1117.00M
"ongrid" in: sky130A_mr.drc:1724
    Edge pairs: 0 (flat)  0 (hierarchical)
    Elapsed: 3.890s  Memory: 1117.00M
"output" in: sky130A_mr.drc:1724
    Edge pairs: 0 (flat)  0 (hierarchical)
    Elapsed: 0.020s  Memory: 1117.00M
"with_angle" in: sky130A_mr.drc:1725
    Edge pairs: 0 (flat)  0 (hierarchical)
    Elapsed: 0.050s  Memory: 1117.00M
"output" in: sky130A_mr.drc:1725
    Edge pairs: 0 (flat)  0 (hierarchical)
    Elapsed: 0.000s  Memory: 1117.00M
"ongrid" in: sky130A_mr.drc:1726
    Edge pairs: 0 (flat)  0 (hierarchical)
    Elapsed: 6.600s  Memory: 1117.00M
"output" in: sky130A_mr.drc:1726
    Edge pairs: 0 (flat)  0 (hierarchical)
    Elapsed: 0.030s  Memory: 1117.00M
"with_angle" in: sky130A_mr.drc:1727
    Edge pairs: 0 (flat)  0 (hierarchical)
    Elapsed: 0.020s  Memory: 1117.00M
"output" in: sky130A_mr.drc:1727
    Edge pairs: 0 (flat)  0 (hierarchical)
    Elapsed: 0.000s  Memory: 1117.00M
"ongrid" in: sky130A_mr.drc:1728
    Edge pairs: 0 (flat)  0 (hierarchical)
    Elapsed: 7.520s  Memory: 1126.00M
"output" in: sky130A_mr.drc:1728
    Edge pairs: 0 (flat)  0 (hierarchical)
    Elapsed: 0.020s  Memory: 1126.00M
"with_angle" in: sky130A_mr.drc:1729
    Edge pairs: 0 (flat)  0 (hierarchical)
    Elapsed: 0.020s  Memory: 1126.00M
"output" in: sky130A_mr.drc:1729
    Edge pairs: 0 (flat)  0 (hierarchical)
    Elapsed: 0.000s  Memory: 1126.00M
"ongrid" in: sky130A_mr.drc:1730
    Edge pairs: 0 (flat)  0 (hierarchical)
    Elapsed: 1.680s  Memory: 1126.00M
"output" in: sky130A_mr.drc:1730
    Edge pairs: 0 (flat)  0 (hierarchical)
    Elapsed: 0.020s  Memory: 1126.00M
"with_angle" in: sky130A_mr.drc:1731
    Edge pairs: 0 (flat)  0 (hierarchical)
    Elapsed: 0.010s  Memory: 1126.00M
"output" in: sky130A_mr.drc:1731
    Edge pairs: 0 (flat)  0 (hierarchical)
    Elapsed: 0.000s  Memory: 1126.00M
"ongrid" in: sky130A_mr.drc:1735
    Edge pairs: 0 (flat)  0 (hierarchical)
    Elapsed: 17.760s  Memory: 1248.00M
"output" in: sky130A_mr.drc:1735
    Edge pairs: 0 (flat)  0 (hierarchical)
    Elapsed: 0.020s  Memory: 1248.00M
"with_angle" in: sky130A_mr.drc:1736
    Edge pairs: 0 (flat)  0 (hierarchical)
    Elapsed: 0.330s  Memory: 1248.00M
"output" in: sky130A_mr.drc:1736
    Edge pairs: 0 (flat)  0 (hierarchical)
    Elapsed: 0.000s  Memory: 1248.00M
"ongrid" in: sky130A_mr.drc:1737
    Edge pairs: 0 (flat)  0 (hierarchical)
    Elapsed: 71.960s  Memory: 3164.00M
"output" in: sky130A_mr.drc:1737
    Edge pairs: 0 (flat)  0 (hierarchical)
    Elapsed: 0.030s  Memory: 3164.00M
"with_angle" in: sky130A_mr.drc:1738
    Edge pairs: 0 (flat)  0 (hierarchical)
    Elapsed: 1.570s  Memory: 3164.00M
"output" in: sky130A_mr.drc:1738
    Edge pairs: 0 (flat)  0 (hierarchical)
    Elapsed: 0.020s  Memory: 3164.00M
"ongrid" in: sky130A_mr.drc:1739
    Edge pairs: 0 (flat)  0 (hierarchical)
    Elapsed: 0.000s  Memory: 3164.00M
"output" in: sky130A_mr.drc:1739
    Edge pairs: 0 (flat)  0 (hierarchical)
    Elapsed: 0.000s  Memory: 3164.00M
"with_angle" in: sky130A_mr.drc:1740
    Edge pairs: 0 (flat)  0 (hierarchical)
    Elapsed: 0.000s  Memory: 3164.00M
"output" in: sky130A_mr.drc:1740
    Edge pairs: 0 (flat)  0 (hierarchical)
    Elapsed: 0.000s  Memory: 3164.00M
"ongrid" in: sky130A_mr.drc:1741
    Edge pairs: 0 (flat)  0 (hierarchical)
    Elapsed: 16.920s  Memory: 3164.00M
"output" in: sky130A_mr.drc:1741
    Edge pairs: 0 (flat)  0 (hierarchical)
    Elapsed: 0.030s  Memory: 3164.00M
"with_angle" in: sky130A_mr.drc:1742
    Edge pairs: 0 (flat)  0 (hierarchical)
    Elapsed: 0.010s  Memory: 3164.00M
"output" in: sky130A_mr.drc:1742
    Edge pairs: 0 (flat)  0 (hierarchical)
    Elapsed: 0.000s  Memory: 3164.00M
"ongrid" in: sky130A_mr.drc:1743
    Edge pairs: 0 (flat)  0 (hierarchical)
    Elapsed: 0.620s  Memory: 3164.00M
"output" in: sky130A_mr.drc:1743
    Edge pairs: 0 (flat)  0 (hierarchical)
    Elapsed: 0.030s  Memory: 3164.00M
"with_angle" in: sky130A_mr.drc:1744
    Edge pairs: 0 (flat)  0 (hierarchical)
    Elapsed: 0.030s  Memory: 3164.00M
"output" in: sky130A_mr.drc:1744
    Edge pairs: 0 (flat)  0 (hierarchical)
    Elapsed: 0.000s  Memory: 3164.00M
"ongrid" in: sky130A_mr.drc:1745
    Edge pairs: 0 (flat)  0 (hierarchical)
    Elapsed: 0.400s  Memory: 3164.00M
"output" in: sky130A_mr.drc:1745
    Edge pairs: 0 (flat)  0 (hierarchical)
    Elapsed: 0.030s  Memory: 3164.00M
"with_angle" in: sky130A_mr.drc:1746
    Edge pairs: 0 (flat)  0 (hierarchical)
    Elapsed: 0.010s  Memory: 3164.00M
"output" in: sky130A_mr.drc:1746
    Edge pairs: 0 (flat)  0 (hierarchical)
    Elapsed: 0.000s  Memory: 3164.00M
"ongrid" in: sky130A_mr.drc:1747
    Edge pairs: 0 (flat)  0 (hierarchical)
    Elapsed: 0.540s  Memory: 3164.00M
"output" in: sky130A_mr.drc:1747
    Edge pairs: 0 (flat)  0 (hierarchical)
    Elapsed: 0.030s  Memory: 3164.00M
"with_angle" in: sky130A_mr.drc:1748
    Edge pairs: 0 (flat)  0 (hierarchical)
    Elapsed: 0.020s  Memory: 3164.00M
"output" in: sky130A_mr.drc:1748
    Edge pairs: 0 (flat)  0 (hierarchical)
    Elapsed: 0.000s  Memory: 3164.00M
"ongrid" in: sky130A_mr.drc:1749
    Edge pairs: 0 (flat)  0 (hierarchical)
    Elapsed: 0.340s  Memory: 3164.00M
"output" in: sky130A_mr.drc:1749
    Edge pairs: 0 (flat)  0 (hierarchical)
    Elapsed: 0.030s  Memory: 3164.00M
"with_angle" in: sky130A_mr.drc:1750
    Edge pairs: 0 (flat)  0 (hierarchical)
    Elapsed: 0.000s  Memory: 3164.00M
"output" in: sky130A_mr.drc:1750
    Edge pairs: 0 (flat)  0 (hierarchical)
    Elapsed: 0.000s  Memory: 3164.00M
"ongrid" in: sky130A_mr.drc:1751
    Edge pairs: 0 (flat)  0 (hierarchical)
    Elapsed: 0.530s  Memory: 3164.00M
"output" in: sky130A_mr.drc:1751
    Edge pairs: 0 (flat)  0 (hierarchical)
    Elapsed: 0.030s  Memory: 3164.00M
"with_angle" in: sky130A_mr.drc:1752
    Edge pairs: 0 (flat)  0 (hierarchical)
    Elapsed: 0.020s  Memory: 3164.00M
"output" in: sky130A_mr.drc:1752
    Edge pairs: 0 (flat)  0 (hierarchical)
    Elapsed: 0.000s  Memory: 3164.00M
"ongrid" in: sky130A_mr.drc:1753
    Edge pairs: 0 (flat)  0 (hierarchical)
    Elapsed: 0.010s  Memory: 3164.00M
"output" in: sky130A_mr.drc:1753
    Edge pairs: 0 (flat)  0 (hierarchical)
    Elapsed: 0.000s  Memory: 3164.00M
"with_angle" in: sky130A_mr.drc:1754
    Edge pairs: 0 (flat)  0 (hierarchical)
    Elapsed: 0.000s  Memory: 3164.00M
"output" in: sky130A_mr.drc:1754
    Edge pairs: 0 (flat)  0 (hierarchical)
    Elapsed: 0.000s  Memory: 3164.00M
"ongrid" in: sky130A_mr.drc:1755
    Edge pairs: 0 (flat)  0 (hierarchical)
    Elapsed: 0.340s  Memory: 3164.00M
"output" in: sky130A_mr.drc:1755
    Edge pairs: 0 (flat)  0 (hierarchical)
    Elapsed: 0.020s  Memory: 3164.00M
"with_angle" in: sky130A_mr.drc:1756
    Edge pairs: 0 (flat)  0 (hierarchical)
    Elapsed: 0.000s  Memory: 3164.00M
"output" in: sky130A_mr.drc:1756
    Edge pairs: 0 (flat)  0 (hierarchical)
    Elapsed: 0.000s  Memory: 3164.00M
"ongrid" in: sky130A_mr.drc:1757
    Edge pairs: 0 (flat)  0 (hierarchical)
    Elapsed: 0.310s  Memory: 3164.00M
"output" in: sky130A_mr.drc:1757
    Edge pairs: 0 (flat)  0 (hierarchical)
    Elapsed: 0.010s  Memory: 3164.00M
"with_angle" in: sky130A_mr.drc:1758
    Edge pairs: 0 (flat)  0 (hierarchical)
    Elapsed: 0.030s  Memory: 3164.00M
"output" in: sky130A_mr.drc:1758
    Edge pairs: 0 (flat)  0 (hierarchical)
    Elapsed: 0.000s  Memory: 3164.00M
"ongrid" in: sky130A_mr.drc:1759
    Edge pairs: 0 (flat)  0 (hierarchical)
    Elapsed: 0.240s  Memory: 3164.00M
"output" in: sky130A_mr.drc:1759
    Edge pairs: 0 (flat)  0 (hierarchical)
    Elapsed: 0.000s  Memory: 3164.00M
"with_angle" in: sky130A_mr.drc:1760
    Edge pairs: 0 (flat)  0 (hierarchical)
    Elapsed: 0.000s  Memory: 3164.00M
"output" in: sky130A_mr.drc:1760
    Edge pairs: 0 (flat)  0 (hierarchical)
    Elapsed: 0.000s  Memory: 3164.00M
"ongrid" in: sky130A_mr.drc:1761
    Edge pairs: 0 (flat)  0 (hierarchical)
    Elapsed: 0.000s  Memory: 3164.00M
"output" in: sky130A_mr.drc:1761
    Edge pairs: 0 (flat)  0 (hierarchical)
    Elapsed: 0.000s  Memory: 3164.00M
"with_angle" in: sky130A_mr.drc:1762
    Edge pairs: 0 (flat)  0 (hierarchical)
    Elapsed: 0.000s  Memory: 3164.00M
"output" in: sky130A_mr.drc:1762
    Edge pairs: 0 (flat)  0 (hierarchical)
    Elapsed: 0.030s  Memory: 3164.00M
"ongrid" in: sky130A_mr.drc:1763
    Edge pairs: 0 (flat)  0 (hierarchical)
    Elapsed: 0.000s  Memory: 3164.00M
"output" in: sky130A_mr.drc:1763
    Edge pairs: 0 (flat)  0 (hierarchical)
    Elapsed: 0.000s  Memory: 3164.00M
"with_angle" in: sky130A_mr.drc:1764
    Edge pairs: 0 (flat)  0 (hierarchical)
    Elapsed: 0.000s  Memory: 3164.00M
"output" in: sky130A_mr.drc:1764
    Edge pairs: 0 (flat)  0 (hierarchical)
    Elapsed: 0.000s  Memory: 3164.00M
"ongrid" in: sky130A_mr.drc:1765
    Edge pairs: 0 (flat)  0 (hierarchical)
    Elapsed: 0.000s  Memory: 3164.00M
"output" in: sky130A_mr.drc:1765
    Edge pairs: 0 (flat)  0 (hierarchical)
    Elapsed: 0.000s  Memory: 3164.00M
"with_angle" in: sky130A_mr.drc:1766
    Edge pairs: 0 (flat)  0 (hierarchical)
    Elapsed: 0.000s  Memory: 3164.00M
"output" in: sky130A_mr.drc:1766
    Edge pairs: 0 (flat)  0 (hierarchical)
    Elapsed: 0.000s  Memory: 3164.00M
"ongrid" in: sky130A_mr.drc:1767
    Edge pairs: 0 (flat)  0 (hierarchical)
    Elapsed: 0.000s  Memory: 3164.00M
"output" in: sky130A_mr.drc:1767
    Edge pairs: 0 (flat)  0 (hierarchical)
    Elapsed: 0.000s  Memory: 3164.00M
"with_angle" in: sky130A_mr.drc:1768
    Edge pairs: 0 (flat)  0 (hierarchical)
    Elapsed: 0.000s  Memory: 3164.00M
"output" in: sky130A_mr.drc:1768
    Edge pairs: 0 (flat)  0 (hierarchical)
    Elapsed: 0.000s  Memory: 3164.00M
"ongrid" in: sky130A_mr.drc:1772
    Edge pairs: 0 (flat)  0 (hierarchical)
    Elapsed: 0.000s  Memory: 3164.00M
"output" in: sky130A_mr.drc:1772
    Edge pairs: 0 (flat)  0 (hierarchical)
    Elapsed: 0.000s  Memory: 3164.00M
"with_angle" in: sky130A_mr.drc:1773
    Edge pairs: 0 (flat)  0 (hierarchical)
    Elapsed: 0.010s  Memory: 3164.00M
"output" in: sky130A_mr.drc:1773
    Edge pairs: 0 (flat)  0 (hierarchical)
    Elapsed: 0.000s  Memory: 3164.00M
"ongrid" in: sky130A_mr.drc:1774
    Edge pairs: 0 (flat)  0 (hierarchical)
    Elapsed: 0.000s  Memory: 3164.00M
"output" in: sky130A_mr.drc:1774
    Edge pairs: 0 (flat)  0 (hierarchical)
    Elapsed: 0.000s  Memory: 3164.00M
"with_angle" in: sky130A_mr.drc:1775
    Edge pairs: 0 (flat)  0 (hierarchical)
    Elapsed: 0.000s  Memory: 3164.00M
"output" in: sky130A_mr.drc:1775
    Edge pairs: 0 (flat)  0 (hierarchical)
    Elapsed: 0.000s  Memory: 3164.00M
"ongrid" in: sky130A_mr.drc:1776
    Edge pairs: 0 (flat)  0 (hierarchical)
    Elapsed: 0.020s  Memory: 3164.00M
"output" in: sky130A_mr.drc:1776
    Edge pairs: 0 (flat)  0 (hierarchical)
    Elapsed: 0.000s  Memory: 3164.00M
"with_angle" in: sky130A_mr.drc:1780
    Edge pairs: 0 (flat)  0 (hierarchical)
    Elapsed: 0.000s  Memory: 3164.00M
"output" in: sky130A_mr.drc:1780
    Edge pairs: 0 (flat)  0 (hierarchical)
    Elapsed: 0.000s  Memory: 3164.00M
"ongrid" in: sky130A_mr.drc:1784
    Edge pairs: 0 (flat)  0 (hierarchical)
    Elapsed: 0.000s  Memory: 3164.00M
"output" in: sky130A_mr.drc:1784
    Edge pairs: 0 (flat)  0 (hierarchical)
    Elapsed: 0.000s  Memory: 3164.00M
Writing report database: /tmp/tmp_i3x0ql8/repo/precheck_results/06_MAY_2026___14_23_57/outputs/reports/klayout_offgrid_check.xml ..
Total elapsed: 165.410s  Memory: 3100.00M
Args:
	sram_exclude: false
	feol: false
	beol: false
	floating_met: false
	offgrid: true
	seal: 
 
Cell exclusion list:
   rule    | cell
   nwell.6 | sky130_fd_io__gpiov2_amux, sky130_fd_io__simple_pad_and_busses
 
release 2025.11.17_01.10
