2026-05-06 14:23:57 [INFO] Extracting compressed files in: /tmp/tmp_i3x0ql8/repo
2026-05-06 14:23:57 [INFO] make uncompress produced 2 gds/*.gds file(s): user_proj_example.gds, user_project_wrapper.gds (make exit 0)
2026-05-06 14:23:57 [INFO] Project type: digital
2026-05-06 14:23:57 [INFO] GDS hash (user_project_wrapper): 20c9e7aeb7beaa326604acf1cb7e0ce0dcfb1fe5
2026-05-06 14:23:57 [INFO] Tools: KLayout v0.29.2 | Magic v8.3.471
2026-05-06 14:23:57 [INFO] PDK: SKY130A unknown
2026-05-06 14:23:57 [INFO] Running 13 checks: [topcell_check, gpio_defines, xor, klayout_feol, klayout_beol, klayout_offgrid, klayout_met_min_ca_density, klayout_pin_label_purposes_overlapping_drawing, klayout_zeroarea, spike_check, illegal_cellname_check, lvs, oeb]
2026-05-06 14:23:59 [INFO] Single top cell 'user_project_wrapper' found
2026-05-06 14:23:59 [INFO] GPIO defines: parsing verilog/rtl/user_defines.v
2026-05-06 14:24:00 [ERROR] GPIO defines: Invalid directives (33): USER_CONFIG_GPIO_5_INIT=13'hXXXX USER_CONFIG_GPIO_6_INIT=13'hXXXX USER_CONFIG_GPIO_7_INIT=13'hXXXX USER_CONFIG_GPIO_8_INIT=13'hXXXX USER_CONFIG_GPIO_9_INIT=13'hXXXX USER_CONFIG_GPIO_10_INIT=13'hXXXX USER_CONFIG_GPIO_11_INIT=13'hXXXX USER_CONFIG_GPIO_12_INIT=13'hXXXX USER_CONFIG_GPIO_13_INIT=13'hXXXX USER_CONFIG_GPIO_25_INIT=13'hXXXX USER_CONFIG_GPIO_26_INIT=13'hXXXX USER_CONFIG_GPIO_27_INIT=13'hXXXX USER_CONFIG_GPIO_28_INIT=13'hXXXX USER_CONFIG_GPIO_29_INIT=13'hXXXX USER_CONFIG_GPIO_30_INIT=13'hXXXX USER_CONFIG_GPIO_31_INIT=13'hXXXX USER_CONFIG_GPIO_32_INIT=13'hXXXX USER_CONFIG_GPIO_33_INIT=13'hXXXX USER_CONFIG_GPIO_34_INIT=13'hXXXX USER_CONFIG_GPIO_35_INIT=13'hXXXX USER_CONFIG_GPIO_36_INIT=13'hXXXX USER_CONFIG_GPIO_37_INIT=13'hXXXX USER_CONFIG_GPIO_14_INIT=13'hXXXX USER_CONFIG_GPIO_15_INIT=13'hXXXX USER_CONFIG_GPIO_16_INIT=13'hXXXX USER_CONFIG_GPIO_17_INIT=13'hXXXX USER_CONFIG_GPIO_18_INIT=13'hXXXX USER_CONFIG_GPIO_19_INIT=13'hXXXX USER_CONFIG_GPIO_20_INIT=13'hXXXX USER_CONFIG_GPIO_21_INIT=13'hXXXX USER_CONFIG_GPIO_22_INIT=13'hXXXX USER_CONFIG_GPIO_23_INIT=13'hXXXX USER_CONFIG_GPIO_24_INIT=13'hXXXX
2026-05-06 14:24:18 [INFO] Total XOR differences: 0
2026-05-06 14:24:18 [INFO] Running: klayout -b -r /usr/local/lib/python3.9/site-packages/cf_precheck/drc_scripts/sky130A_mr.drc -rd input=/tmp/tmp_i3x0ql8/repo/gds/user_project_wrapper.gds -rd topcell=user_project_wrapper -rd report=/tmp/tmp_i3x0ql8/repo/precheck_results/06_MAY_2026___14_23_57/outputs/reports/klayout_feol_check.xml -rd thr=2 -rd feol=true
2026-05-06 14:28:51 [INFO] No DRC violations found
2026-05-06 14:28:51 [INFO] Running: klayout -b -r /usr/local/lib/python3.9/site-packages/cf_precheck/drc_scripts/sky130A_mr.drc -rd input=/tmp/tmp_i3x0ql8/repo/gds/user_project_wrapper.gds -rd topcell=user_project_wrapper -rd report=/tmp/tmp_i3x0ql8/repo/precheck_results/06_MAY_2026___14_23_57/outputs/reports/klayout_beol_check.xml -rd thr=2 -rd beol=true
2026-05-06 14:40:22 [INFO] No DRC violations found
2026-05-06 14:40:22 [INFO] Running: klayout -b -r /usr/local/lib/python3.9/site-packages/cf_precheck/drc_scripts/sky130A_mr.drc -rd input=/tmp/tmp_i3x0ql8/repo/gds/user_project_wrapper.gds -rd topcell=user_project_wrapper -rd report=/tmp/tmp_i3x0ql8/repo/precheck_results/06_MAY_2026___14_23_57/outputs/reports/klayout_offgrid_check.xml -rd thr=2 -rd offgrid=true
2026-05-06 14:43:10 [INFO] No DRC violations found
2026-05-06 14:43:10 [INFO] Running: klayout -b -r /usr/local/lib/python3.9/site-packages/cf_precheck/drc_scripts/met_min_ca_density.lydrc -rd input=/tmp/tmp_i3x0ql8/repo/gds/user_project_wrapper.gds -rd topcell=user_project_wrapper -rd report=/tmp/tmp_i3x0ql8/repo/precheck_results/06_MAY_2026___14_23_57/outputs/reports/klayout_met_min_ca_density_check.xml -rd thr=2
2026-05-06 14:43:54 [INFO] No DRC violations found
2026-05-06 14:43:54 [INFO] Running: klayout -b -r /usr/local/lib/python3.9/site-packages/cf_precheck/drc_scripts/pin_label_purposes_overlapping_drawing.rb.drc -rd input=/tmp/tmp_i3x0ql8/repo/gds/user_project_wrapper.gds -rd topcell=user_project_wrapper -rd report=/tmp/tmp_i3x0ql8/repo/precheck_results/06_MAY_2026___14_23_57/outputs/reports/klayout_pin_label_purposes_overlapping_drawing_check.xml -rd thr=2 -rd top_cell_name=user_project_wrapper
2026-05-06 14:44:23 [INFO] No DRC violations found
2026-05-06 14:44:23 [INFO] Running: klayout -b -r /usr/local/lib/python3.9/site-packages/cf_precheck/drc_scripts/zeroarea.rb.drc -rd input=/tmp/tmp_i3x0ql8/repo/gds/user_project_wrapper.gds -rd topcell=user_project_wrapper -rd report=/tmp/tmp_i3x0ql8/repo/precheck_results/06_MAY_2026___14_23_57/outputs/reports/klayout_zeroarea_check.xml -rd thr=2 -rd cleaned_output=/tmp/tmp_i3x0ql8/repo/precheck_results/06_MAY_2026___14_23_57/outputs/user_project_wrapper_no_zero_areas.gds
2026-05-06 14:44:31 [INFO] No DRC violations found
2026-05-06 14:44:31 [INFO] Running: bash /usr/local/lib/python3.9/site-packages/cf_precheck/drc_scripts/gdsArea0 -V -m /tmp/tmp_i3x0ql8/repo/precheck_results/06_MAY_2026___14_23_57/outputs/reports/spike_check.xml /tmp/tmp_i3x0ql8/repo/gds/user_project_wrapper.gds
2026-05-06 14:44:37 [INFO] No spikes found
2026-05-06 14:44:39 [INFO] Loading LVS environment from /tmp/tmp_i3x0ql8/repo/lvs/user_project_wrapper/lvs_config.json
2026-05-06 14:44:39 [INFO] EXTRACT_FLATGLOB: 
2026-05-06 14:44:39 [INFO] EXTRACT_ABSTRACT: *__fill_* *__fakediode_* *__tapvpwrvgnd_*
2026-05-06 14:44:39 [WARNING] Missing LVS configuration variable EXTRACT_CREATE_SUBCUT
2026-05-06 14:44:39 [INFO] LVS_FLATTEN: 
2026-05-06 14:44:39 [INFO] LVS_NOFLATTEN: 
2026-05-06 14:44:39 [INFO] LVS_IGNORE: 
2026-05-06 14:44:39 [INFO] LVS_SPICE_FILES: /opt/pdks/sky130A/libs.ref/sky130_fd_sc_hd/spice/sky130_ef_sc_hd__decap_12.spice /opt/pdks/sky130A/libs.ref/sky130_fd_sc_hd/spice/sky130_fd_sc_hd.spice
2026-05-06 14:44:39 [INFO] LVS_VERILOG_FILES: /tmp/tmp_i3x0ql8/repo/verilog/gl/drone_core.v /tmp/tmp_i3x0ql8/repo/verilog/gl/user_project_wrapper.v
2026-05-06 14:44:39 [INFO] LAYOUT_FILE: /tmp/tmp_i3x0ql8/repo/gds/user_project_wrapper.gds
2026-05-06 14:44:39 [INFO] Running: run_be_checks --nooeb
2026-05-06 14:44:39 [INFO] LVS output directory: /tmp/tmp_i3x0ql8/repo/precheck_results/06_MAY_2026___14_23_57
2026-05-06 14:54:24 [INFO] Loading LVS environment from /tmp/tmp_i3x0ql8/repo/lvs/user_project_wrapper/lvs_config.json
2026-05-06 14:54:24 [INFO] EXTRACT_FLATGLOB: 
2026-05-06 14:54:24 [INFO] EXTRACT_ABSTRACT: *__fill_* *__fakediode_* *__tapvpwrvgnd_*
2026-05-06 14:54:24 [WARNING] Missing LVS configuration variable EXTRACT_CREATE_SUBCUT
2026-05-06 14:54:24 [INFO] LVS_FLATTEN: 
2026-05-06 14:54:24 [INFO] LVS_NOFLATTEN: 
2026-05-06 14:54:24 [INFO] LVS_IGNORE: 
2026-05-06 14:54:24 [INFO] LVS_SPICE_FILES: /opt/pdks/sky130A/libs.ref/sky130_fd_sc_hd/spice/sky130_ef_sc_hd__decap_12.spice /opt/pdks/sky130A/libs.ref/sky130_fd_sc_hd/spice/sky130_fd_sc_hd.spice
2026-05-06 14:54:24 [INFO] LVS_VERILOG_FILES: /tmp/tmp_i3x0ql8/repo/verilog/gl/drone_core.v /tmp/tmp_i3x0ql8/repo/verilog/gl/user_project_wrapper.v
2026-05-06 14:54:24 [INFO] LAYOUT_FILE: /tmp/tmp_i3x0ql8/repo/gds/user_project_wrapper.gds
2026-05-06 14:54:24 [INFO] Running: run_oeb_check --noextract
2026-05-06 14:54:24 [INFO] OEB output directory: /tmp/tmp_i3x0ql8/repo/precheck_results/06_MAY_2026___14_23_57
2026-05-06 14:54:31 [ERROR] OEB FAILED (stat=6), see /tmp/tmp_i3x0ql8/repo/precheck_results/06_MAY_2026___14_23_57/logs/OEB_check.log
