"input" in: sky130A_mr.drc:180
    Polygons (raw): 694995 (flat)  145 (hierarchical)
    Elapsed: 0.190s  Memory: 946.00M
"polygons" in: sky130A_mr.drc:181
    Polygons (raw): 138456 (flat)  2 (hierarchical)
    Elapsed: 0.120s  Memory: 953.00M
"polygons" in: sky130A_mr.drc:182
    Polygons (raw): 487167 (flat)  57 (hierarchical)
    Elapsed: 0.130s  Memory: 953.00M
"polygons" in: sky130A_mr.drc:183
    Polygons (raw): 0 (flat)  0 (hierarchical)
    Elapsed: 0.000s  Memory: 953.00M
"polygons" in: sky130A_mr.drc:184
    Polygons (raw): 0 (flat)  0 (hierarchical)
    Elapsed: 0.000s  Memory: 953.00M
"polygons" in: sky130A_mr.drc:185
    Polygons (raw): 0 (flat)  0 (hierarchical)
    Elapsed: 0.000s  Memory: 953.00M
"polygons" in: sky130A_mr.drc:186
    Polygons (raw): 0 (flat)  0 (hierarchical)
    Elapsed: 0.000s  Memory: 953.00M
"polygons" in: sky130A_mr.drc:187
    Polygons (raw): 0 (flat)  0 (hierarchical)
    Elapsed: 0.000s  Memory: 953.00M
"polygons" in: sky130A_mr.drc:188
    Polygons (raw): 487251 (flat)  59 (hierarchical)
    Elapsed: 0.100s  Memory: 953.00M
"polygons" in: sky130A_mr.drc:189
    Polygons (raw): 0 (flat)  0 (hierarchical)
    Elapsed: 0.030s  Memory: 953.00M
"polygons" in: sky130A_mr.drc:190
    Polygons (raw): 0 (flat)  0 (hierarchical)
    Elapsed: 0.000s  Memory: 953.00M
"polygons" in: sky130A_mr.drc:191
    Polygons (raw): 0 (flat)  0 (hierarchical)
    Elapsed: 0.000s  Memory: 953.00M
"polygons" in: sky130A_mr.drc:192
    Polygons (raw): 0 (flat)  0 (hierarchical)
    Elapsed: 0.000s  Memory: 953.00M
"polygons" in: sky130A_mr.drc:193
    Polygons (raw): 696394 (flat)  329 (hierarchical)
    Elapsed: 0.110s  Memory: 953.00M
"polygons" in: sky130A_mr.drc:194
    Polygons (raw): 0 (flat)  0 (hierarchical)
    Elapsed: 0.000s  Memory: 953.00M
"polygons" in: sky130A_mr.drc:195
    Polygons (raw): 556395 (flat)  58 (hierarchical)
    Elapsed: 0.100s  Memory: 953.00M
"polygons" in: sky130A_mr.drc:196
    Polygons (raw): 556395 (flat)  58 (hierarchical)
    Elapsed: 0.120s  Memory: 953.00M
"polygons" in: sky130A_mr.drc:197
    Polygons (raw): 0 (flat)  0 (hierarchical)
    Elapsed: 0.000s  Memory: 953.00M
"polygons" in: sky130A_mr.drc:198
    Polygons (raw): 0 (flat)  0 (hierarchical)
    Elapsed: 0.000s  Memory: 953.00M
"polygons" in: sky130A_mr.drc:199
    Polygons (raw): 347193 (flat)  64 (hierarchical)
    Elapsed: 0.100s  Memory: 953.00M
"polygons" in: sky130A_mr.drc:200
    Polygons (raw): 2584800 (flat)  1399 (hierarchical)
    Elapsed: 0.130s  Memory: 953.00M
"polygons" in: sky130A_mr.drc:202
    Polygons (raw): 2223808 (flat)  2961 (hierarchical)
    Elapsed: 0.100s  Memory: 953.00M
"polygons" in: sky130A_mr.drc:203
    Polygons (raw): 0 (flat)  0 (hierarchical)
    Elapsed: 0.020s  Memory: 953.00M
"polygons" in: sky130A_mr.drc:204
    Polygons (raw): 7749766 (flat)  3222 (hierarchical)
    Elapsed: 0.100s  Memory: 953.00M
"polygons" in: sky130A_mr.drc:206
    Polygons (raw): 985662 (flat)  11322 (hierarchical)
    Elapsed: 0.110s  Memory: 953.00M
"polygons" in: sky130A_mr.drc:207
    Polygons (raw): 61925 (flat)  61925 (hierarchical)
    Elapsed: 0.200s  Memory: 953.00M
"polygons" in: sky130A_mr.drc:209
    Polygons (raw): 20651 (flat)  20651 (hierarchical)
    Elapsed: 0.150s  Memory: 953.00M
"polygons" in: sky130A_mr.drc:210
    Polygons (raw): 48242 (flat)  48242 (hierarchical)
    Elapsed: 0.280s  Memory: 953.00M
"polygons" in: sky130A_mr.drc:212
    Polygons (raw): 14970 (flat)  14970 (hierarchical)
    Elapsed: 0.160s  Memory: 953.00M
"polygons" in: sky130A_mr.drc:213
    Polygons (raw): 47510 (flat)  47510 (hierarchical)
    Elapsed: 0.170s  Memory: 953.00M
"polygons" in: sky130A_mr.drc:215
    Polygons (raw): 759 (flat)  759 (hierarchical)
    Elapsed: 0.130s  Memory: 953.00M
"polygons" in: sky130A_mr.drc:216
    Polygons (raw): 12822 (flat)  12822 (hierarchical)
    Elapsed: 0.030s  Memory: 953.00M
"polygons" in: sky130A_mr.drc:218
    Polygons (raw): 172 (flat)  172 (hierarchical)
    Elapsed: 0.000s  Memory: 953.00M
"polygons" in: sky130A_mr.drc:220
    Polygons (raw): 0 (flat)  0 (hierarchical)
    Elapsed: 0.000s  Memory: 953.00M
"polygons" in: sky130A_mr.drc:221
    Polygons (raw): 0 (flat)  0 (hierarchical)
    Elapsed: 0.000s  Memory: 953.00M
"polygons" in: sky130A_mr.drc:222
    Polygons (raw): 0 (flat)  0 (hierarchical)
    Elapsed: 0.000s  Memory: 953.00M
"polygons" in: sky130A_mr.drc:223
    Polygons (raw): 0 (flat)  0 (hierarchical)
    Elapsed: 0.000s  Memory: 953.00M
"polygons" in: sky130A_mr.drc:224
    Polygons (raw): 0 (flat)  0 (hierarchical)
    Elapsed: 0.000s  Memory: 953.00M
"polygons" in: sky130A_mr.drc:225
    Polygons (raw): 0 (flat)  0 (hierarchical)
    Elapsed: 0.000s  Memory: 953.00M
"polygons" in: sky130A_mr.drc:226
    Polygons (raw): 0 (flat)  0 (hierarchical)
    Elapsed: 0.000s  Memory: 953.00M
"polygons" in: sky130A_mr.drc:227
    Polygons (raw): 0 (flat)  0 (hierarchical)
    Elapsed: 0.000s  Memory: 953.00M
"polygons" in: sky130A_mr.drc:228
    Polygons (raw): 0 (flat)  0 (hierarchical)
    Elapsed: 0.000s  Memory: 953.00M
"polygons" in: sky130A_mr.drc:229
    Polygons (raw): 0 (flat)  0 (hierarchical)
    Elapsed: 0.000s  Memory: 953.00M
"polygons" in: sky130A_mr.drc:230
    Polygons (raw): 0 (flat)  0 (hierarchical)
    Elapsed: 0.000s  Memory: 953.00M
"polygons" in: sky130A_mr.drc:231
    Polygons (raw): 0 (flat)  0 (hierarchical)
    Elapsed: 0.000s  Memory: 953.00M
"polygons" in: sky130A_mr.drc:232
    Polygons (raw): 0 (flat)  0 (hierarchical)
    Elapsed: 0.000s  Memory: 953.00M
"polygons" in: sky130A_mr.drc:233
    Polygons (raw): 0 (flat)  0 (hierarchical)
    Elapsed: 0.000s  Memory: 953.00M
"polygons" in: sky130A_mr.drc:234
    Polygons (raw): 0 (flat)  0 (hierarchical)
    Elapsed: 0.000s  Memory: 953.00M
"polygons" in: sky130A_mr.drc:235
    Polygons (raw): 0 (flat)  0 (hierarchical)
    Elapsed: 0.000s  Memory: 953.00M
"polygons" in: sky130A_mr.drc:236
    Polygons (raw): 0 (flat)  0 (hierarchical)
    Elapsed: 0.000s  Memory: 953.00M
"polygons" in: sky130A_mr.drc:237
    Polygons (raw): 0 (flat)  0 (hierarchical)
    Elapsed: 0.000s  Memory: 953.00M
"polygons" in: sky130A_mr.drc:238
    Polygons (raw): 487167 (flat)  57 (hierarchical)
    Elapsed: 0.110s  Memory: 953.00M
"polygons" in: sky130A_mr.drc:239
    Polygons (raw): 0 (flat)  0 (hierarchical)
    Elapsed: 0.010s  Memory: 953.00M
"polygons" in: sky130A_mr.drc:240
    Polygons (raw): 0 (flat)  0 (hierarchical)
    Elapsed: 0.000s  Memory: 953.00M
"polygons" in: sky130A_mr.drc:241
    Polygons (raw): 0 (flat)  0 (hierarchical)
    Elapsed: 0.000s  Memory: 953.00M
"polygons" in: sky130A_mr.drc:242
    Polygons (raw): 0 (flat)  0 (hierarchical)
    Elapsed: 0.000s  Memory: 953.00M
"polygons" in: sky130A_mr.drc:243
    Polygons (raw): 0 (flat)  0 (hierarchical)
    Elapsed: 0.000s  Memory: 953.00M
"polygons" in: sky130A_mr.drc:244
    Polygons (raw): 0 (flat)  0 (hierarchical)
    Elapsed: 0.000s  Memory: 953.00M
"polygons" in: sky130A_mr.drc:245
    Polygons (raw): 0 (flat)  0 (hierarchical)
    Elapsed: 0.000s  Memory: 953.00M
"polygons" in: sky130A_mr.drc:246
    Polygons (raw): 2 (flat)  2 (hierarchical)
    Elapsed: 0.120s  Memory: 953.00M
"polygons" in: sky130A_mr.drc:247
    Polygons (raw): 0 (flat)  0 (hierarchical)
    Elapsed: 0.030s  Memory: 953.00M
"polygons" in: sky130A_mr.drc:248
    Polygons (raw): 0 (flat)  0 (hierarchical)
    Elapsed: 0.000s  Memory: 953.00M
"polygons" in: sky130A_mr.drc:249
    Polygons (raw): 0 (flat)  0 (hierarchical)
    Elapsed: 0.000s  Memory: 953.00M
"polygons" in: sky130A_mr.drc:250
    Polygons (raw): 0 (flat)  0 (hierarchical)
    Elapsed: 0.000s  Memory: 953.00M
"polygons" in: sky130A_mr.drc:251
    Polygons (raw): 765 (flat)  1 (hierarchical)
    Elapsed: 0.130s  Memory: 953.00M
"polygons" in: sky130A_mr.drc:252
    Polygons (raw): 0 (flat)  0 (hierarchical)
    Elapsed: 0.000s  Memory: 953.00M
"polygons" in: sky130A_mr.drc:253
    Polygons (raw): 0 (flat)  0 (hierarchical)
    Elapsed: 0.010s  Memory: 953.00M
"polygons" in: sky130A_mr.drc:254
    Polygons (raw): 0 (flat)  0 (hierarchical)
    Elapsed: 0.000s  Memory: 953.00M
"polygons" in: sky130A_mr.drc:255
    Polygons (raw): 0 (flat)  0 (hierarchical)
    Elapsed: 0.000s  Memory: 953.00M
"polygons" in: sky130A_mr.drc:256
    Polygons (raw): 0 (flat)  0 (hierarchical)
    Elapsed: 0.000s  Memory: 953.00M
"polygons" in: sky130A_mr.drc:257
    Polygons (raw): 0 (flat)  0 (hierarchical)
    Elapsed: 0.000s  Memory: 953.00M
"polygons" in: sky130A_mr.drc:258
    Polygons (raw): 0 (flat)  0 (hierarchical)
    Elapsed: 0.000s  Memory: 953.00M
"polygons" in: sky130A_mr.drc:259
    Polygons (raw): 0 (flat)  0 (hierarchical)
    Elapsed: 0.000s  Memory: 953.00M
"polygons" in: sky130A_mr.drc:260
    Polygons (raw): 0 (flat)  0 (hierarchical)
    Elapsed: 0.000s  Memory: 953.00M
"polygons" in: sky130A_mr.drc:261
    Polygons (raw): 0 (flat)  0 (hierarchical)
    Elapsed: 0.000s  Memory: 953.00M
"polygons" in: sky130A_mr.drc:262
    Polygons (raw): 0 (flat)  0 (hierarchical)
    Elapsed: 0.000s  Memory: 953.00M
"polygons" in: sky130A_mr.drc:263
    Polygons (raw): 0 (flat)  0 (hierarchical)
    Elapsed: 0.000s  Memory: 953.00M
"polygons" in: sky130A_mr.drc:264
    Polygons (raw): 0 (flat)  0 (hierarchical)
    Elapsed: 0.000s  Memory: 953.00M
"polygons" in: sky130A_mr.drc:265
    Polygons (raw): 0 (flat)  0 (hierarchical)
    Elapsed: 0.000s  Memory: 953.00M
"polygons" in: sky130A_mr.drc:266
    Polygons (raw): 0 (flat)  0 (hierarchical)
    Elapsed: 0.000s  Memory: 953.00M
"polygons" in: sky130A_mr.drc:267
    Polygons (raw): 0 (flat)  0 (hierarchical)
    Elapsed: 0.000s  Memory: 953.00M
"polygons" in: sky130A_mr.drc:268
    Polygons (raw): 0 (flat)  0 (hierarchical)
    Elapsed: 0.000s  Memory: 953.00M
"polygons" in: sky130A_mr.drc:269
    Polygons (raw): 0 (flat)  0 (hierarchical)
    Elapsed: 0.000s  Memory: 953.00M
"polygons" in: sky130A_mr.drc:270
    Polygons (raw): 0 (flat)  0 (hierarchical)
    Elapsed: 0.000s  Memory: 953.00M
"polygons" in: sky130A_mr.drc:271
    Polygons (raw): 0 (flat)  0 (hierarchical)
    Elapsed: 0.000s  Memory: 953.00M
"polygons" in: sky130A_mr.drc:272
    Polygons (raw): 0 (flat)  0 (hierarchical)
    Elapsed: 0.000s  Memory: 953.00M
"polygons" in: sky130A_mr.drc:273
    Polygons (raw): 0 (flat)  0 (hierarchical)
    Elapsed: 0.000s  Memory: 953.00M
"polygons" in: sky130A_mr.drc:274
    Polygons (raw): 0 (flat)  0 (hierarchical)
    Elapsed: 0.000s  Memory: 953.00M
"polygons" in: sky130A_mr.drc:275
    Polygons (raw): 0 (flat)  0 (hierarchical)
    Elapsed: 0.000s  Memory: 953.00M
"merged" in: sky130A_mr.drc:277
    Polygons (raw): 0 (flat)  0 (hierarchical)
    Elapsed: 0.000s  Memory: 953.00M
DRC section
BEOL section
START: 67/20 (li)
"outside" in: sky130A_mr.drc:1067
    Polygons (raw): 2223808 (flat)  2961 (hierarchical)
    Elapsed: 0.000s  Memory: 953.00M
"interacting" in: sky130A_mr.drc:1068
    Polygons (raw): 0 (flat)  0 (hierarchical)
    Elapsed: 0.030s  Memory: 953.00M
"inside" in: sky130A_mr.drc:1068
    Polygons (raw): 0 (flat)  0 (hierarchical)
    Elapsed: 0.000s  Memory: 953.00M
"-" in: sky130A_mr.drc:1068
    Polygons (raw): 0 (flat)  0 (hierarchical)
    Elapsed: 0.000s  Memory: 953.00M
"or" in: sky130A_mr.drc:1067
    Polygons (raw): 4399 (flat)  3068 (hierarchical)
    Elapsed: 18.820s  Memory: 1250.00M
"width" in: sky130A_mr.drc:1070
    Edge pairs: 0 (flat)  0 (hierarchical)
    Elapsed: 5.160s  Memory: 1250.00M
"output" in: sky130A_mr.drc:1070
    Edge pairs: 0 (flat)  0 (hierarchical)
    Elapsed: 0.020s  Memory: 1250.00M
"space" in: sky130A_mr.drc:1074
    Edge pairs: 0 (flat)  0 (hierarchical)
    Elapsed: 8.470s  Memory: 1538.00M
"output" in: sky130A_mr.drc:1074
    Edge pairs: 0 (flat)  0 (hierarchical)
    Elapsed: 0.030s  Memory: 1538.00M
"-" in: sky130A_mr.drc:1078
    Polygons (raw): 2584800 (flat)  1399 (hierarchical)
    Elapsed: 0.000s  Memory: 1538.00M
"enclosing" in: sky130A_mr.drc:1080
    Edge pairs: 2093638 (flat)  2087176 (hierarchical)
    Elapsed: 131.580s  Memory: 1994.00M
"second_edges" in: sky130A_mr.drc:1080
    Edges: 2093638 (flat)  2087176 (hierarchical)
    Elapsed: 0.170s  Memory: 2026.00M
"width" in: sky130A_mr.drc:1081
    Edge pairs: 0 (flat)  0 (hierarchical)
    Elapsed: 8.300s  Memory: 2448.00M
"polygons" in: sky130A_mr.drc:1082
    Polygons (raw): 0 (flat)  0 (hierarchical)
    Elapsed: 0.030s  Memory: 2377.00M
"interacting" in: sky130A_mr.drc:1082
    Polygons (raw): 0 (flat)  0 (hierarchical)
    Elapsed: 0.000s  Memory: 2377.00M
"output" in: sky130A_mr.drc:1083
    Polygons (raw): 0 (flat)  0 (hierarchical)
    Elapsed: 0.000s  Memory: 2377.00M
"interacting" in: sky130A_mr.drc:1087
    Polygons (raw): 0 (flat)  0 (hierarchical)
    Elapsed: 0.000s  Memory: 2377.00M
"-" in: sky130A_mr.drc:1087
    Polygons (raw): 2223808 (flat)  2961 (hierarchical)
    Elapsed: 0.000s  Memory: 2377.00M
"with_area" in: sky130A_mr.drc:1088
    Polygons (raw): 0 (flat)  0 (hierarchical)
    Elapsed: 18.790s  Memory: 2389.00M
"output" in: sky130A_mr.drc:1088
    Polygons (raw): 0 (flat)  0 (hierarchical)
    Elapsed: 0.020s  Memory: 2389.00M
"&" in: sky130A_mr.drc:1092
    Polygons (raw): 0 (flat)  0 (hierarchical)
    Elapsed: 0.010s  Memory: 2389.00M
"space" in: sky130A_mr.drc:1093
    Edge pairs: 0 (flat)  0 (hierarchical)
    Elapsed: 0.000s  Memory: 2389.00M
"output" in: sky130A_mr.drc:1093
    Edge pairs: 0 (flat)  0 (hierarchical)
    Elapsed: 0.000s  Memory: 2389.00M
"width" in: sky130A_mr.drc:1097
    Edge pairs: 0 (flat)  0 (hierarchical)
    Elapsed: 0.000s  Memory: 2389.00M
"output" in: sky130A_mr.drc:1097
    Edge pairs: 0 (flat)  0 (hierarchical)
    Elapsed: 0.000s  Memory: 2389.00M
END: 67/20 (li)
START: 67/13 (li_res)
"width" in: sky130A_mr.drc:1105
    Edge pairs: 0 (flat)  0 (hierarchical)
    Elapsed: 0.000s  Memory: 2389.00M
"output" in: sky130A_mr.drc:1105
    Edge pairs: 0 (flat)  0 (hierarchical)
    Elapsed: 0.000s  Memory: 2389.00M
END: 67/13 (li_res)
START: 67/44 (mcon)
"-" in: sky130A_mr.drc:1113
    Polygons (raw): 7749766 (flat)  3222 (hierarchical)
    Elapsed: 0.000s  Memory: 2389.00M
"drc" in: sky130A_mr.drc:1115
    Polygons (raw): 0 (flat)  0 (hierarchical)
    Elapsed: 78.780s  Memory: 4199.00M
"-" in: sky130A_mr.drc:1116
    Polygons (raw): 7749766 (flat)  3222 (hierarchical)
    Elapsed: 0.120s  Memory: 4199.00M
"outside" in: sky130A_mr.drc:1120
    Polygons (raw): 7749766 (flat)  3222 (hierarchical)
    Elapsed: 0.000s  Memory: 4199.00M
"non_rectangles" in: sky130A_mr.drc:1121
    Polygons (raw): 0 (flat)  0 (hierarchical)
    Elapsed: 68.910s  Memory: 4263.00M
"output" in: sky130A_mr.drc:1121
    Polygons (raw): 0 (flat)  0 (hierarchical)
    Elapsed: 0.030s  Memory: 4263.00M
"drc" in: sky130A_mr.drc:1126
    Edge pairs: 0 (flat)  0 (hierarchical)
    Elapsed: 79.770s  Memory: 4327.00M
"output" in: sky130A_mr.drc:1126
    Edge pairs: 0 (flat)  0 (hierarchical)
    Elapsed: 0.030s  Memory: 4327.00M
"drc" in: sky130A_mr.drc:1130
    Edges: 0 (flat)  0 (hierarchical)
    Elapsed: 12.480s  Memory: 4647.00M
"output" in: sky130A_mr.drc:1130
    Edges: 0 (flat)  0 (hierarchical)
    Elapsed: 0.080s  Memory: 4647.00M
"space" in: sky130A_mr.drc:1134
    Edge pairs: 0 (flat)  0 (hierarchical)
    Elapsed: 12.870s  Memory: 4199.00M
"output" in: sky130A_mr.drc:1134
    Edge pairs: 0 (flat)  0 (hierarchical)
    Elapsed: 0.020s  Memory: 4007.00M
"width" in: sky130A_mr.drc:1139
    Edge pairs: 0 (flat)  0 (hierarchical)
    Elapsed: 0.000s  Memory: 4007.00M
"output" in: sky130A_mr.drc:1139
    Edge pairs: 0 (flat)  0 (hierarchical)
    Elapsed: 0.000s  Memory: 4007.00M
"drc" in: sky130A_mr.drc:1143
    Edge pairs: 0 (flat)  0 (hierarchical)
    Elapsed: 0.200s  Memory: 4007.00M
"output" in: sky130A_mr.drc:1143
    Edge pairs: 0 (flat)  0 (hierarchical)
    Elapsed: 0.000s  Memory: 4007.00M
"-" in: sky130A_mr.drc:1147
    Polygons (raw): 0 (flat)  0 (hierarchical)
    Elapsed: 0.000s  Memory: 4007.00M
"output" in: sky130A_mr.drc:1147
    Polygons (raw): 0 (flat)  0 (hierarchical)
    Elapsed: 0.000s  Memory: 4007.00M
"-" in: sky130A_mr.drc:1152
    Polygons (raw): 0 (flat)  0 (hierarchical)
    Elapsed: 12.300s  Memory: 3943.00M
"output" in: sky130A_mr.drc:1152
    Polygons (raw): 0 (flat)  0 (hierarchical)
    Elapsed: 0.030s  Memory: 3943.00M
END: 67/44 (mcon)
START: 68/20 (m1)
"width" in: sky130A_mr.drc:1157
    Edge pairs: 0 (flat)  0 (hierarchical)
    Elapsed: 17.580s  Memory: 3943.00M
"output" in: sky130A_mr.drc:1157
    Edge pairs: 0 (flat)  0 (hierarchical)
    Elapsed: 0.020s  Memory: 3943.00M
"sized" in: sky130A_mr.drc:1158
    Polygons (raw): 0 (flat)  0 (hierarchical)
    Elapsed: 0.120s  Memory: 3943.00M
"sized" in: sky130A_mr.drc:1158
    Polygons (raw): 0 (flat)  0 (hierarchical)
    Elapsed: 0.000s  Memory: 3943.00M
"snap" in: sky130A_mr.drc:1158
    Polygons (raw): 0 (flat)  0 (hierarchical)
    Elapsed: 0.000s  Memory: 3943.00M
"&" in: sky130A_mr.drc:1158
    Polygons (raw): 0 (flat)  0 (hierarchical)
    Elapsed: 0.000s  Memory: 3943.00M
"edges" in: sky130A_mr.drc:1159
    Edges: 32114 (flat)  30914 (hierarchical)
    Elapsed: 0.010s  Memory: 3943.00M
"-" in: sky130A_mr.drc:1159
    Edges: 32114 (flat)  30914 (hierarchical)
    Elapsed: 0.000s  Memory: 3943.00M
"edges" in: sky130A_mr.drc:1160
    Edges: 0 (flat)  0 (hierarchical)
    Elapsed: 0.150s  Memory: 3943.00M
"merged" in: sky130A_mr.drc:1160
    Polygons (raw): 2834 (flat)  2774 (hierarchical)
    Elapsed: 0.000s  Memory: 3943.00M
"outside_part" in: sky130A_mr.drc:1160
    Edges: 0 (flat)  0 (hierarchical)
    Elapsed: 0.000s  Memory: 3943.00M
"space" in: sky130A_mr.drc:1162
    Edge pairs: 0 (flat)  0 (hierarchical)
    Elapsed: 0.340s  Memory: 3943.00M
"output" in: sky130A_mr.drc:1162
    Edge pairs: 0 (flat)  0 (hierarchical)
    Elapsed: 0.160s  Memory: 3943.00M
"separation" in: sky130A_mr.drc:1168
    Edge pairs: 0 (flat)  0 (hierarchical)
    Elapsed: 0.190s  Memory: 3943.00M
"space" in: sky130A_mr.drc:1169
    Edge pairs: 0 (flat)  0 (hierarchical)
    Elapsed: 0.060s  Memory: 3943.00M
"+" in: sky130A_mr.drc:1168
    Edge pairs: 0 (flat)  0 (hierarchical)
    Elapsed: 0.020s  Memory: 3943.00M
"output" in: sky130A_mr.drc:1170
    Edge pairs: 0 (flat)  0 (hierarchical)
    Elapsed: 0.000s  Memory: 3943.00M
"input" in: sky130A_mr.drc:1181
    Polygons (raw): 985662 (flat)  11322 (hierarchical)
    Elapsed: 0.110s  Memory: 3943.00M
"enclosing" in: sky130A_mr.drc:1183
    Edge pairs: 0 (flat)  0 (hierarchical)
    Elapsed: 98.470s  Memory: 4007.00M
"output" in: sky130A_mr.drc:1183
    Edge pairs: 0 (flat)  0 (hierarchical)
    Elapsed: 0.020s  Memory: 3943.00M
"-" in: sky130A_mr.drc:1187
    Polygons (raw): 0 (flat)  0 (hierarchical)
    Elapsed: 17.740s  Memory: 4263.00M
"output" in: sky130A_mr.drc:1187
    Polygons (raw): 0 (flat)  0 (hierarchical)
    Elapsed: 0.060s  Memory: 3943.00M
"input" in: sky130A_mr.drc:1201
    Polygons (raw): 0 (flat)  0 (hierarchical)
    Elapsed: 0.160s  Memory: 3943.00M
"enclosing" in: sky130A_mr.drc:1202
    Edge pairs: 0 (flat)  0 (hierarchical)
    Elapsed: 0.000s  Memory: 3943.00M
"output" in: sky130A_mr.drc:1202
    Edge pairs: 0 (flat)  0 (hierarchical)
    Elapsed: 0.000s  Memory: 3943.00M
"-" in: sky130A_mr.drc:1207
    Polygons (raw): 0 (flat)  0 (hierarchical)
    Elapsed: 0.000s  Memory: 3943.00M
"output" in: sky130A_mr.drc:1207
    Polygons (raw): 0 (flat)  0 (hierarchical)
    Elapsed: 0.000s  Memory: 3943.00M
"with_area" in: sky130A_mr.drc:1212
    Polygons (raw): 0 (flat)  0 (hierarchical)
    Elapsed: 0.070s  Memory: 3943.00M
"output" in: sky130A_mr.drc:1212
    Polygons (raw): 0 (flat)  0 (hierarchical)
    Elapsed: 0.030s  Memory: 3943.00M
"holes" in: sky130A_mr.drc:1215
    Polygons (raw): 0 (flat)  0 (hierarchical)
    Elapsed: 0.000s  Memory: 3943.00M
"with_area" in: sky130A_mr.drc:1216
    Polygons (raw): 0 (flat)  0 (hierarchical)
    Elapsed: 0.000s  Memory: 3943.00M
"output" in: sky130A_mr.drc:1217
    Polygons (raw): 0 (flat)  0 (hierarchical)
    Elapsed: 0.000s  Memory: 3943.00M
"enclosing" in: sky130A_mr.drc:1228
    Edge pairs: 5388 (flat)  5028 (hierarchical)
    Elapsed: 80.560s  Memory: 3943.00M
"second_edges" in: sky130A_mr.drc:1228
    Edges: 5388 (flat)  5028 (hierarchical)
    Elapsed: 0.030s  Memory: 3943.00M
"width" in: sky130A_mr.drc:1230
    Edge pairs: 0 (flat)  0 (hierarchical)
    Elapsed: 0.420s  Memory: 3943.00M
"polygons" in: sky130A_mr.drc:1232
    Polygons (raw): 0 (flat)  0 (hierarchical)
    Elapsed: 0.030s  Memory: 3943.00M
"interacting" in: sky130A_mr.drc:1232
    Polygons (raw): 0 (flat)  0 (hierarchical)
    Elapsed: 0.000s  Memory: 3943.00M
"output" in: sky130A_mr.drc:1233
    Polygons (raw): 0 (flat)  0 (hierarchical)
    Elapsed: 0.000s  Memory: 3943.00M
END: 68/20 (m1)
START: 68/44 (via)
"drc" in: sky130A_mr.drc:1244
    Polygons (raw): 0 (flat)  0 (hierarchical)
    Elapsed: 0.670s  Memory: 3943.00M
"-" in: sky130A_mr.drc:1245
    Polygons (raw): 61925 (flat)  61925 (hierarchical)
    Elapsed: 0.020s  Memory: 3943.00M
"-" in: sky130A_mr.drc:1250
    Polygons (raw): 61925 (flat)  61925 (hierarchical)
    Elapsed: 0.000s  Memory: 3943.00M
"non_rectangles" in: sky130A_mr.drc:1252
    Polygons (raw): 0 (flat)  0 (hierarchical)
    Elapsed: 0.510s  Memory: 3943.00M
"output" in: sky130A_mr.drc:1252
    Polygons (raw): 0 (flat)  0 (hierarchical)
    Elapsed: 0.020s  Memory: 3943.00M
"width" in: sky130A_mr.drc:1256
    Edge pairs: 0 (flat)  0 (hierarchical)
    Elapsed: 0.090s  Memory: 3943.00M
"output" in: sky130A_mr.drc:1256
    Edge pairs: 0 (flat)  0 (hierarchical)
    Elapsed: 0.000s  Memory: 3943.00M
"drc" in: sky130A_mr.drc:1261
    Edges: 0 (flat)  0 (hierarchical)
    Elapsed: 0.300s  Memory: 3943.00M
"output" in: sky130A_mr.drc:1261
    Edges: 0 (flat)  0 (hierarchical)
    Elapsed: 0.020s  Memory: 3943.00M
"space" in: sky130A_mr.drc:1266
    Edge pairs: 0 (flat)  0 (hierarchical)
    Elapsed: 0.320s  Memory: 3943.00M
"output" in: sky130A_mr.drc:1266
    Edge pairs: 0 (flat)  0 (hierarchical)
    Elapsed: 0.000s  Memory: 3943.00M
"width" in: sky130A_mr.drc:1272
    Edge pairs: 0 (flat)  0 (hierarchical)
    Elapsed: 0.000s  Memory: 3943.00M
"output" in: sky130A_mr.drc:1272
    Edge pairs: 0 (flat)  0 (hierarchical)
    Elapsed: 0.020s  Memory: 3943.00M
"drc" in: sky130A_mr.drc:1276
    Edge pairs: 0 (flat)  0 (hierarchical)
    Elapsed: 0.190s  Memory: 3943.00M
"output" in: sky130A_mr.drc:1276
    Edge pairs: 0 (flat)  0 (hierarchical)
    Elapsed: 0.000s  Memory: 3943.00M
"-" in: sky130A_mr.drc:1280
    Polygons (raw): 0 (flat)  0 (hierarchical)
    Elapsed: 0.000s  Memory: 3943.00M
"output" in: sky130A_mr.drc:1280
    Polygons (raw): 0 (flat)  0 (hierarchical)
    Elapsed: 0.000s  Memory: 3943.00M
"edges" in: sky130A_mr.drc:1287
    Edges: 32114 (flat)  30914 (hierarchical)
    Elapsed: 0.010s  Memory: 3943.00M
"drc" in: sky130A_mr.drc:1288
    Edges: 247700 (flat)  247700 (hierarchical)
    Elapsed: 1.360s  Memory: 3943.00M
"enclosing" in: sky130A_mr.drc:1288
    Edge pairs: 0 (flat)  0 (hierarchical)
    Elapsed: 0.280s  Memory: 3943.00M
"output" in: sky130A_mr.drc:1289
    Edge pairs: 0 (flat)  0 (hierarchical)
    Elapsed: 0.000s  Memory: 3943.00M
"squares" in: sky130A_mr.drc:1291
    Polygons (raw): 61925 (flat)  61925 (hierarchical)
    Elapsed: 0.040s  Memory: 3943.00M
"drc" in: sky130A_mr.drc:1292
    Edges: 247700 (flat)  247700 (hierarchical)
    Elapsed: 0.810s  Memory: 3943.00M
"-" in: sky130A_mr.drc:1293
    Edges: 0 (flat)  0 (hierarchical)
    Elapsed: 3.770s  Memory: 3943.00M
"output" in: sky130A_mr.drc:1294
    Edges: 0 (flat)  0 (hierarchical)
    Elapsed: 0.030s  Memory: 3943.00M
"edges" in: sky130A_mr.drc:1298
    Edges: 32114 (flat)  30914 (hierarchical)
    Elapsed: 0.000s  Memory: 3943.00M
"drc" in: sky130A_mr.drc:1299
    Edges: 247700 (flat)  247700 (hierarchical)
    Elapsed: 0.820s  Memory: 3943.00M
"enclosing" in: sky130A_mr.drc:1299
    Edge pairs: 5661 (flat)  5661 (hierarchical)
    Elapsed: 0.340s  Memory: 3943.00M
"second_edges" in: sky130A_mr.drc:1300
    Edges: 5661 (flat)  5661 (hierarchical)
    Elapsed: 0.010s  Memory: 3943.00M
"width" in: sky130A_mr.drc:1302
    Edge pairs: 0 (flat)  0 (hierarchical)
    Elapsed: 0.290s  Memory: 3943.00M
"polygons" in: sky130A_mr.drc:1303
    Polygons (raw): 0 (flat)  0 (hierarchical)
    Elapsed: 0.020s  Memory: 3943.00M
"interacting" in: sky130A_mr.drc:1303
    Polygons (raw): 0 (flat)  0 (hierarchical)
    Elapsed: 0.010s  Memory: 3943.00M
"output" in: sky130A_mr.drc:1304
    Polygons (raw): 0 (flat)  0 (hierarchical)
    Elapsed: 0.000s  Memory: 3943.00M
END: 68/44 (via)
START: 69/20 (m2)
"&" in: sky130A_mr.drc:1313
    Polygons (raw): 0 (flat)  0 (hierarchical)
    Elapsed: 0.000s  Memory: 3943.00M
"width" in: sky130A_mr.drc:1314
    Edge pairs: 0 (flat)  0 (hierarchical)
    Elapsed: 0.380s  Memory: 3943.00M
"output" in: sky130A_mr.drc:1314
    Edge pairs: 0 (flat)  0 (hierarchical)
    Elapsed: 0.030s  Memory: 3943.00M
"sized" in: sky130A_mr.drc:1316
    Polygons (raw): 0 (flat)  0 (hierarchical)
    Elapsed: 0.150s  Memory: 3943.00M
"sized" in: sky130A_mr.drc:1316
    Polygons (raw): 0 (flat)  0 (hierarchical)
    Elapsed: 0.000s  Memory: 3943.00M
"snap" in: sky130A_mr.drc:1316
    Polygons (raw): 0 (flat)  0 (hierarchical)
    Elapsed: 0.000s  Memory: 3943.00M
"&" in: sky130A_mr.drc:1316
    Polygons (raw): 0 (flat)  0 (hierarchical)
    Elapsed: 0.000s  Memory: 3943.00M
"edges" in: sky130A_mr.drc:1317
    Edges: 78500 (flat)  78500 (hierarchical)
    Elapsed: 0.010s  Memory: 3943.00M
"-" in: sky130A_mr.drc:1317
    Edges: 78500 (flat)  78500 (hierarchical)
    Elapsed: 0.010s  Memory: 3943.00M
"edges" in: sky130A_mr.drc:1318
    Edges: 0 (flat)  0 (hierarchical)
    Elapsed: 0.000s  Memory: 3943.00M
"merged" in: sky130A_mr.drc:1318
    Polygons (raw): 13934 (flat)  13934 (hierarchical)
    Elapsed: 0.000s  Memory: 3943.00M
"outside_part" in: sky130A_mr.drc:1318
    Edges: 0 (flat)  0 (hierarchical)
    Elapsed: 0.000s  Memory: 3943.00M
"-" in: sky130A_mr.drc:1319
    Polygons (raw): 61925 (flat)  61925 (hierarchical)
    Elapsed: 0.000s  Memory: 3943.00M
"space" in: sky130A_mr.drc:1321
    Edge pairs: 0 (flat)  0 (hierarchical)
    Elapsed: 0.890s  Memory: 3943.00M
"output" in: sky130A_mr.drc:1321
    Edge pairs: 0 (flat)  0 (hierarchical)
    Elapsed: 0.020s  Memory: 3943.00M
"separation" in: sky130A_mr.drc:1327
    Edge pairs: 0 (flat)  0 (hierarchical)
    Elapsed: 0.200s  Memory: 3943.00M
"space" in: sky130A_mr.drc:1328
    Edge pairs: 0 (flat)  0 (hierarchical)
    Elapsed: 0.070s  Memory: 3943.00M
"+" in: sky130A_mr.drc:1327
    Edge pairs: 0 (flat)  0 (hierarchical)
    Elapsed: 0.000s  Memory: 3943.00M
"output" in: sky130A_mr.drc:1329
    Edge pairs: 0 (flat)  0 (hierarchical)
    Elapsed: 0.000s  Memory: 3943.00M
"with_area" in: sky130A_mr.drc:1331
    Polygons (raw): 0 (flat)  0 (hierarchical)
    Elapsed: 0.100s  Memory: 3943.00M
"output" in: sky130A_mr.drc:1331
    Polygons (raw): 0 (flat)  0 (hierarchical)
    Elapsed: 0.000s  Memory: 3943.00M
"holes" in: sky130A_mr.drc:1333
    Polygons (raw): 0 (flat)  0 (hierarchical)
    Elapsed: 0.010s  Memory: 3943.00M
"with_area" in: sky130A_mr.drc:1334
    Polygons (raw): 0 (flat)  0 (hierarchical)
    Elapsed: 0.000s  Memory: 3943.00M
"output" in: sky130A_mr.drc:1335
    Polygons (raw): 0 (flat)  0 (hierarchical)
    Elapsed: 0.000s  Memory: 3943.00M
"enclosing" in: sky130A_mr.drc:1343
    Edge pairs: 0 (flat)  0 (hierarchical)
    Elapsed: 0.490s  Memory: 3943.00M
"output" in: sky130A_mr.drc:1343
    Edge pairs: 0 (flat)  0 (hierarchical)
    Elapsed: 0.030s  Memory: 3943.00M
"-" in: sky130A_mr.drc:1347
    Polygons (raw): 0 (flat)  0 (hierarchical)
    Elapsed: 0.370s  Memory: 3943.00M
"output" in: sky130A_mr.drc:1347
    Polygons (raw): 0 (flat)  0 (hierarchical)
    Elapsed: 0.000s  Memory: 3943.00M
"enclosing" in: sky130A_mr.drc:1351
    Edge pairs: 0 (flat)  0 (hierarchical)
    Elapsed: 0.000s  Memory: 3943.00M
"output" in: sky130A_mr.drc:1351
    Edge pairs: 0 (flat)  0 (hierarchical)
    Elapsed: 0.000s  Memory: 3943.00M
"enclosing" in: sky130A_mr.drc:1356
    Edge pairs: 29282 (flat)  29282 (hierarchical)
    Elapsed: 0.600s  Memory: 3943.00M
"second_edges" in: sky130A_mr.drc:1356
    Edges: 29282 (flat)  29282 (hierarchical)
    Elapsed: 0.020s  Memory: 3943.00M
"width" in: sky130A_mr.drc:1358
    Edge pairs: 0 (flat)  0 (hierarchical)
    Elapsed: 0.450s  Memory: 3943.00M
"polygons" in: sky130A_mr.drc:1359
    Polygons (raw): 0 (flat)  0 (hierarchical)
    Elapsed: 0.030s  Memory: 3943.00M
"interacting" in: sky130A_mr.drc:1359
    Polygons (raw): 0 (flat)  0 (hierarchical)
    Elapsed: 0.000s  Memory: 3943.00M
"output" in: sky130A_mr.drc:1360
    Polygons (raw): 0 (flat)  0 (hierarchical)
    Elapsed: 0.000s  Memory: 3943.00M
END: 69/20 (m2)
START: 69/44 (via2)
"drc" in: sky130A_mr.drc:1371
    Polygons (raw): 0 (flat)  0 (hierarchical)
    Elapsed: 0.590s  Memory: 3943.00M
"-" in: sky130A_mr.drc:1372
    Polygons (raw): 48242 (flat)  48242 (hierarchical)
    Elapsed: 0.020s  Memory: 3943.00M
"-" in: sky130A_mr.drc:1377
    Polygons (raw): 48242 (flat)  48242 (hierarchical)
    Elapsed: 0.000s  Memory: 3943.00M
"non_rectangles" in: sky130A_mr.drc:1378
    Polygons (raw): 0 (flat)  0 (hierarchical)
    Elapsed: 0.430s  Memory: 3943.00M
"output" in: sky130A_mr.drc:1378
    Polygons (raw): 0 (flat)  0 (hierarchical)
    Elapsed: 0.030s  Memory: 3943.00M
"width" in: sky130A_mr.drc:1382
    Edge pairs: 0 (flat)  0 (hierarchical)
    Elapsed: 0.090s  Memory: 3943.00M
"output" in: sky130A_mr.drc:1382
    Edge pairs: 0 (flat)  0 (hierarchical)
    Elapsed: 0.000s  Memory: 3943.00M
"edges" in: sky130A_mr.drc:1387
    Edges: 192968 (flat)  192968 (hierarchical)
    Elapsed: 0.020s  Memory: 3943.00M
"without_length" in: sky130A_mr.drc:1388
    Edges: 0 (flat)  0 (hierarchical)
    Elapsed: 0.080s  Memory: 3943.00M
"output" in: sky130A_mr.drc:1389
    Edges: 0 (flat)  0 (hierarchical)
    Elapsed: 0.000s  Memory: 3943.00M
"space" in: sky130A_mr.drc:1390
    Edge pairs: 0 (flat)  0 (hierarchical)
    Elapsed: 0.270s  Memory: 3943.00M
"output" in: sky130A_mr.drc:1390
    Edge pairs: 0 (flat)  0 (hierarchical)
    Elapsed: 0.030s  Memory: 3943.00M
"width" in: sky130A_mr.drc:1396
    Edge pairs: 0 (flat)  0 (hierarchical)
    Elapsed: 0.000s  Memory: 3943.00M
"output" in: sky130A_mr.drc:1396
    Edge pairs: 0 (flat)  0 (hierarchical)
    Elapsed: 0.000s  Memory: 3943.00M
"drc" in: sky130A_mr.drc:1400
    Edge pairs: 0 (flat)  0 (hierarchical)
    Elapsed: 0.200s  Memory: 3943.00M
"output" in: sky130A_mr.drc:1400
    Edge pairs: 0 (flat)  0 (hierarchical)
    Elapsed: 0.000s  Memory: 3943.00M
"-" in: sky130A_mr.drc:1404
    Polygons (raw): 0 (flat)  0 (hierarchical)
    Elapsed: 0.000s  Memory: 3943.00M
"output" in: sky130A_mr.drc:1404
    Polygons (raw): 0 (flat)  0 (hierarchical)
    Elapsed: 0.000s  Memory: 3943.00M
"enclosing" in: sky130A_mr.drc:1410
    Edge pairs: 0 (flat)  0 (hierarchical)
    Elapsed: 0.390s  Memory: 3943.00M
"output" in: sky130A_mr.drc:1410
    Edge pairs: 0 (flat)  0 (hierarchical)
    Elapsed: 0.030s  Memory: 3943.00M
"-" in: sky130A_mr.drc:1414
    Polygons (raw): 0 (flat)  0 (hierarchical)
    Elapsed: 0.260s  Memory: 3943.00M
"output" in: sky130A_mr.drc:1414
    Polygons (raw): 0 (flat)  0 (hierarchical)
    Elapsed: 0.000s  Memory: 3943.00M
"enclosing" in: sky130A_mr.drc:1417
    Edge pairs: 25515 (flat)  25515 (hierarchical)
    Elapsed: 0.490s  Memory: 3943.00M
"second_edges" in: sky130A_mr.drc:1417
    Edges: 25515 (flat)  25515 (hierarchical)
    Elapsed: 0.030s  Memory: 3943.00M
"width" in: sky130A_mr.drc:1419
    Edge pairs: 0 (flat)  0 (hierarchical)
    Elapsed: 0.360s  Memory: 3943.00M
"polygons" in: sky130A_mr.drc:1420
    Polygons (raw): 0 (flat)  0 (hierarchical)
    Elapsed: 0.000s  Memory: 3943.00M
"interacting" in: sky130A_mr.drc:1420
    Polygons (raw): 0 (flat)  0 (hierarchical)
    Elapsed: 0.000s  Memory: 3943.00M
"output" in: sky130A_mr.drc:1421
    Polygons (raw): 0 (flat)  0 (hierarchical)
    Elapsed: 0.000s  Memory: 3943.00M
END: 69/44 (via2)
START: 70/20 (m3)
"width" in: sky130A_mr.drc:1430
    Edge pairs: 0 (flat)  0 (hierarchical)
    Elapsed: 0.310s  Memory: 3943.00M
"output" in: sky130A_mr.drc:1430
    Edge pairs: 0 (flat)  0 (hierarchical)
    Elapsed: 0.040s  Memory: 3943.00M
"sized" in: sky130A_mr.drc:1432
    Polygons (raw): 0 (flat)  0 (hierarchical)
    Elapsed: 0.120s  Memory: 3943.00M
"sized" in: sky130A_mr.drc:1432
    Polygons (raw): 0 (flat)  0 (hierarchical)
    Elapsed: 0.000s  Memory: 3943.00M
"snap" in: sky130A_mr.drc:1432
    Polygons (raw): 0 (flat)  0 (hierarchical)
    Elapsed: 0.000s  Memory: 3943.00M
"&" in: sky130A_mr.drc:1432
    Polygons (raw): 0 (flat)  0 (hierarchical)
    Elapsed: 0.000s  Memory: 3943.00M
"edges" in: sky130A_mr.drc:1433
    Edges: 54984 (flat)  54984 (hierarchical)
    Elapsed: 0.020s  Memory: 3943.00M
"-" in: sky130A_mr.drc:1433
    Edges: 54984 (flat)  54984 (hierarchical)
    Elapsed: 0.000s  Memory: 3943.00M
"edges" in: sky130A_mr.drc:1434
    Edges: 0 (flat)  0 (hierarchical)
    Elapsed: 0.000s  Memory: 3943.00M
"merged" in: sky130A_mr.drc:1434
    Polygons (raw): 12440 (flat)  12440 (hierarchical)
    Elapsed: 0.000s  Memory: 3943.00M
"outside_part" in: sky130A_mr.drc:1434
    Edges: 0 (flat)  0 (hierarchical)
    Elapsed: 0.000s  Memory: 3943.00M
"space" in: sky130A_mr.drc:1436
    Edge pairs: 0 (flat)  0 (hierarchical)
    Elapsed: 0.270s  Memory: 3943.00M
"output" in: sky130A_mr.drc:1436
    Edge pairs: 0 (flat)  0 (hierarchical)
    Elapsed: 0.040s  Memory: 3943.00M
"separation" in: sky130A_mr.drc:1442
    Edge pairs: 0 (flat)  0 (hierarchical)
    Elapsed: 0.200s  Memory: 3943.00M
"space" in: sky130A_mr.drc:1443
    Edge pairs: 0 (flat)  0 (hierarchical)
    Elapsed: 0.060s  Memory: 3943.00M
"+" in: sky130A_mr.drc:1442
    Edge pairs: 0 (flat)  0 (hierarchical)
    Elapsed: 0.000s  Memory: 3943.00M
"output" in: sky130A_mr.drc:1444
    Edge pairs: 0 (flat)  0 (hierarchical)
    Elapsed: 0.000s  Memory: 3943.00M
"enclosing" in: sky130A_mr.drc:1452
    Edge pairs: 0 (flat)  0 (hierarchical)
    Elapsed: 0.400s  Memory: 3943.00M
"output" in: sky130A_mr.drc:1452
    Edge pairs: 0 (flat)  0 (hierarchical)
    Elapsed: 0.000s  Memory: 3943.00M
"-" in: sky130A_mr.drc:1456
    Polygons (raw): 0 (flat)  0 (hierarchical)
    Elapsed: 0.260s  Memory: 3943.00M
"output" in: sky130A_mr.drc:1456
    Polygons (raw): 0 (flat)  0 (hierarchical)
    Elapsed: 0.030s  Memory: 3943.00M
"with_area" in: sky130A_mr.drc:1458
    Polygons (raw): 0 (flat)  0 (hierarchical)
    Elapsed: 0.070s  Memory: 3943.00M
"output" in: sky130A_mr.drc:1458
    Polygons (raw): 0 (flat)  0 (hierarchical)
    Elapsed: 0.000s  Memory: 3943.00M
"holes" in: sky130A_mr.drc:1460
    Polygons (raw): 0 (flat)  0 (hierarchical)
    Elapsed: 0.010s  Memory: 3943.00M
"with_area" in: sky130A_mr.drc:1461
    Polygons (raw): 0 (flat)  0 (hierarchical)
    Elapsed: 0.000s  Memory: 3943.00M
"output" in: sky130A_mr.drc:1462
    Polygons (raw): 0 (flat)  0 (hierarchical)
    Elapsed: 0.000s  Memory: 3943.00M
END: 70/20 (m3)
START: 70/44 (via3)
"drc" in: sky130A_mr.drc:1469
    Polygons (raw): 0 (flat)  0 (hierarchical)
    Elapsed: 0.580s  Memory: 3943.00M
"-" in: sky130A_mr.drc:1470
    Polygons (raw): 47510 (flat)  47510 (hierarchical)
    Elapsed: 0.030s  Memory: 3943.00M
"-" in: sky130A_mr.drc:1475
    Polygons (raw): 47510 (flat)  47510 (hierarchical)
    Elapsed: 0.000s  Memory: 3943.00M
"non_rectangles" in: sky130A_mr.drc:1476
    Polygons (raw): 0 (flat)  0 (hierarchical)
    Elapsed: 0.420s  Memory: 3943.00M
"output" in: sky130A_mr.drc:1476
    Polygons (raw): 0 (flat)  0 (hierarchical)
    Elapsed: 0.020s  Memory: 3943.00M
"width" in: sky130A_mr.drc:1480
    Edge pairs: 0 (flat)  0 (hierarchical)
    Elapsed: 0.090s  Memory: 3943.00M
"output" in: sky130A_mr.drc:1480
    Edge pairs: 0 (flat)  0 (hierarchical)
    Elapsed: 0.000s  Memory: 3943.00M
"edges" in: sky130A_mr.drc:1485
    Edges: 190040 (flat)  190040 (hierarchical)
    Elapsed: 0.020s  Memory: 3943.00M
"without_length" in: sky130A_mr.drc:1486
    Edges: 0 (flat)  0 (hierarchical)
    Elapsed: 0.070s  Memory: 3943.00M
"output" in: sky130A_mr.drc:1487
    Edges: 0 (flat)  0 (hierarchical)
    Elapsed: 0.000s  Memory: 3943.00M
"space" in: sky130A_mr.drc:1489
    Edge pairs: 0 (flat)  0 (hierarchical)
    Elapsed: 0.280s  Memory: 3943.00M
"output" in: sky130A_mr.drc:1489
    Edge pairs: 0 (flat)  0 (hierarchical)
    Elapsed: 0.040s  Memory: 3943.00M
"enclosing" in: sky130A_mr.drc:1493
    Edge pairs: 0 (flat)  0 (hierarchical)
    Elapsed: 0.360s  Memory: 3943.00M
"output" in: sky130A_mr.drc:1493
    Edge pairs: 0 (flat)  0 (hierarchical)
    Elapsed: 0.000s  Memory: 3943.00M
"-" in: sky130A_mr.drc:1497
    Polygons (raw): 0 (flat)  0 (hierarchical)
    Elapsed: 0.290s  Memory: 3943.00M
"output" in: sky130A_mr.drc:1497
    Polygons (raw): 0 (flat)  0 (hierarchical)
    Elapsed: 0.000s  Memory: 3943.00M
"enclosing" in: sky130A_mr.drc:1503
    Edge pairs: 95054 (flat)  95054 (hierarchical)
    Elapsed: 0.680s  Memory: 3943.00M
"second_edges" in: sky130A_mr.drc:1503
    Edges: 95054 (flat)  95054 (hierarchical)
    Elapsed: 0.030s  Memory: 3943.00M
"width" in: sky130A_mr.drc:1505
    Edge pairs: 0 (flat)  0 (hierarchical)
    Elapsed: 0.550s  Memory: 3943.00M
"polygons" in: sky130A_mr.drc:1506
    Polygons (raw): 0 (flat)  0 (hierarchical)
    Elapsed: 0.020s  Memory: 3943.00M
"interacting" in: sky130A_mr.drc:1506
    Polygons (raw): 0 (flat)  0 (hierarchical)
    Elapsed: 0.000s  Memory: 3943.00M
"output" in: sky130A_mr.drc:1507
    Polygons (raw): 0 (flat)  0 (hierarchical)
    Elapsed: 0.000s  Memory: 3943.00M
END: 70/44 (via3)
START: 71/20 (m4)
"width" in: sky130A_mr.drc:1516
    Edge pairs: 0 (flat)  0 (hierarchical)
    Elapsed: 0.300s  Memory: 3943.00M
"output" in: sky130A_mr.drc:1516
    Edge pairs: 0 (flat)  0 (hierarchical)
    Elapsed: 0.000s  Memory: 3943.00M
"sized" in: sky130A_mr.drc:1518
    Polygons (raw): 146 (flat)  146 (hierarchical)
    Elapsed: 0.060s  Memory: 3943.00M
"sized" in: sky130A_mr.drc:1518
    Polygons (raw): 146 (flat)  146 (hierarchical)
    Elapsed: 0.090s  Memory: 3943.00M
"snap" in: sky130A_mr.drc:1518
    Polygons (raw): 146 (flat)  146 (hierarchical)
    Elapsed: 0.470s  Memory: 3943.00M
"&" in: sky130A_mr.drc:1518
    Polygons (raw): 146 (flat)  146 (hierarchical)
    Elapsed: 0.090s  Memory: 3943.00M
"edges" in: sky130A_mr.drc:1519
    Edges: 1632 (flat)  1632 (hierarchical)
    Elapsed: 0.000s  Memory: 3943.00M
"-" in: sky130A_mr.drc:1519
    Edges: 1048 (flat)  1048 (hierarchical)
    Elapsed: 0.010s  Memory: 3943.00M
"edges" in: sky130A_mr.drc:1520
    Edges: 584 (flat)  584 (hierarchical)
    Elapsed: 0.000s  Memory: 3943.00M
"merged" in: sky130A_mr.drc:1520
    Polygons (raw): 258 (flat)  258 (hierarchical)
    Elapsed: 0.000s  Memory: 3943.00M
"outside_part" in: sky130A_mr.drc:1520
    Edges: 584 (flat)  584 (hierarchical)
    Elapsed: 0.000s  Memory: 3943.00M
"space" in: sky130A_mr.drc:1522
    Edge pairs: 0 (flat)  0 (hierarchical)
    Elapsed: 0.220s  Memory: 3943.00M
"output" in: sky130A_mr.drc:1522
    Edge pairs: 0 (flat)  0 (hierarchical)
    Elapsed: 0.030s  Memory: 3943.00M
"with_area" in: sky130A_mr.drc:1527
    Polygons (raw): 0 (flat)  0 (hierarchical)
    Elapsed: 0.070s  Memory: 3943.00M
"output" in: sky130A_mr.drc:1527
    Polygons (raw): 0 (flat)  0 (hierarchical)
    Elapsed: 0.000s  Memory: 3943.00M
"separation" in: sky130A_mr.drc:1530
    Edge pairs: 0 (flat)  0 (hierarchical)
    Elapsed: 0.220s  Memory: 3943.00M
"space" in: sky130A_mr.drc:1531
    Edge pairs: 0 (flat)  0 (hierarchical)
    Elapsed: 0.070s  Memory: 3943.00M
"+" in: sky130A_mr.drc:1530
    Edge pairs: 0 (flat)  0 (hierarchical)
    Elapsed: 0.020s  Memory: 3943.00M
"output" in: sky130A_mr.drc:1532
    Edge pairs: 0 (flat)  0 (hierarchical)
    Elapsed: 0.000s  Memory: 3943.00M
"enclosing" in: sky130A_mr.drc:1540
    Edge pairs: 0 (flat)  0 (hierarchical)
    Elapsed: 0.490s  Memory: 3943.00M
"output" in: sky130A_mr.drc:1540
    Edge pairs: 0 (flat)  0 (hierarchical)
    Elapsed: 0.030s  Memory: 3943.00M
"-" in: sky130A_mr.drc:1544
    Polygons (raw): 0 (flat)  0 (hierarchical)
    Elapsed: 0.350s  Memory: 3943.00M
"output" in: sky130A_mr.drc:1544
    Polygons (raw): 0 (flat)  0 (hierarchical)
    Elapsed: 0.000s  Memory: 3943.00M
"holes" in: sky130A_mr.drc:1547
    Polygons (raw): 0 (flat)  0 (hierarchical)
    Elapsed: 0.000s  Memory: 3943.00M
"with_area" in: sky130A_mr.drc:1548
    Polygons (raw): 0 (flat)  0 (hierarchical)
    Elapsed: 0.000s  Memory: 3943.00M
"output" in: sky130A_mr.drc:1549
    Polygons (raw): 0 (flat)  0 (hierarchical)
    Elapsed: 0.000s  Memory: 3943.00M
END: 71/20 (m4)
START: 71/44 (via4)
"drc" in: sky130A_mr.drc:1555
    Polygons (raw): 0 (flat)  0 (hierarchical)
    Elapsed: 0.240s  Memory: 3943.00M
"-" in: sky130A_mr.drc:1556
    Polygons (raw): 12822 (flat)  12822 (hierarchical)
    Elapsed: 0.020s  Memory: 3943.00M
"-" in: sky130A_mr.drc:1561
    Polygons (raw): 12822 (flat)  12822 (hierarchical)
    Elapsed: 0.000s  Memory: 3943.00M
"non_rectangles" in: sky130A_mr.drc:1562
    Polygons (raw): 0 (flat)  0 (hierarchical)
    Elapsed: 0.220s  Memory: 3943.00M
"output" in: sky130A_mr.drc:1562
    Polygons (raw): 0 (flat)  0 (hierarchical)
    Elapsed: 0.010s  Memory: 3943.00M
"width" in: sky130A_mr.drc:1566
    Edge pairs: 0 (flat)  0 (hierarchical)
    Elapsed: 0.290s  Memory: 3943.00M
"output" in: sky130A_mr.drc:1566
    Edge pairs: 0 (flat)  0 (hierarchical)
    Elapsed: 0.020s  Memory: 3943.00M
"drc" in: sky130A_mr.drc:1570
    Edges: 0 (flat)  0 (hierarchical)
    Elapsed: 0.110s  Memory: 3943.00M
"output" in: sky130A_mr.drc:1570
    Edges: 0 (flat)  0 (hierarchical)
    Elapsed: 0.000s  Memory: 3943.00M
"space" in: sky130A_mr.drc:1576
    Edge pairs: 0 (flat)  0 (hierarchical)
    Elapsed: 0.110s  Memory: 3943.00M
"polygons" in: sky130A_mr.drc:1577
    Polygons (raw): 0 (flat)  0 (hierarchical)
    Elapsed: 0.000s  Memory: 3943.00M
"output" in: sky130A_mr.drc:1578
    Polygons (raw): 0 (flat)  0 (hierarchical)
    Elapsed: 0.000s  Memory: 3943.00M
"width" in: sky130A_mr.drc:1581
    Edge pairs: 0 (flat)  0 (hierarchical)
    Elapsed: 0.000s  Memory: 3943.00M
"output" in: sky130A_mr.drc:1581
    Edge pairs: 0 (flat)  0 (hierarchical)
    Elapsed: 0.000s  Memory: 3943.00M
"drc" in: sky130A_mr.drc:1585
    Edge pairs: 0 (flat)  0 (hierarchical)
    Elapsed: 0.240s  Memory: 3943.00M
"output" in: sky130A_mr.drc:1585
    Edge pairs: 0 (flat)  0 (hierarchical)
    Elapsed: 0.000s  Memory: 3943.00M
"-" in: sky130A_mr.drc:1589
    Polygons (raw): 0 (flat)  0 (hierarchical)
    Elapsed: 0.000s  Memory: 3943.00M
"output" in: sky130A_mr.drc:1589
    Polygons (raw): 0 (flat)  0 (hierarchical)
    Elapsed: 0.000s  Memory: 3943.00M
"enclosing" in: sky130A_mr.drc:1595
    Edge pairs: 0 (flat)  0 (hierarchical)
    Elapsed: 0.140s  Memory: 3943.00M
"output" in: sky130A_mr.drc:1595
    Edge pairs: 0 (flat)  0 (hierarchical)
    Elapsed: 0.020s  Memory: 3943.00M
"-" in: sky130A_mr.drc:1599
    Polygons (raw): 0 (flat)  0 (hierarchical)
    Elapsed: 0.460s  Memory: 3943.00M
"output" in: sky130A_mr.drc:1599
    Polygons (raw): 0 (flat)  0 (hierarchical)
    Elapsed: 0.020s  Memory: 3943.00M
END: 71/44 (via4)
START: 72/20 (m5)
"width" in: sky130A_mr.drc:1604
    Edge pairs: 0 (flat)  0 (hierarchical)
    Elapsed: 0.220s  Memory: 3943.00M
"output" in: sky130A_mr.drc:1604
    Edge pairs: 0 (flat)  0 (hierarchical)
    Elapsed: 0.000s  Memory: 3943.00M
"space" in: sky130A_mr.drc:1606
    Edge pairs: 0 (flat)  0 (hierarchical)
    Elapsed: 0.070s  Memory: 3943.00M
"output" in: sky130A_mr.drc:1606
    Edge pairs: 0 (flat)  0 (hierarchical)
    Elapsed: 0.000s  Memory: 3943.00M
"enclosing" in: sky130A_mr.drc:1608
    Edge pairs: 0 (flat)  0 (hierarchical)
    Elapsed: 0.150s  Memory: 3943.00M
"output" in: sky130A_mr.drc:1608
    Edge pairs: 0 (flat)  0 (hierarchical)
    Elapsed: 0.020s  Memory: 3943.00M
"-" in: sky130A_mr.drc:1612
    Polygons (raw): 0 (flat)  0 (hierarchical)
    Elapsed: 0.040s  Memory: 3943.00M
"output" in: sky130A_mr.drc:1612
    Polygons (raw): 0 (flat)  0 (hierarchical)
    Elapsed: 0.000s  Memory: 3943.00M
"with_area" in: sky130A_mr.drc:1619
    Polygons (raw): 0 (flat)  0 (hierarchical)
    Elapsed: 0.070s  Memory: 3943.00M
"output" in: sky130A_mr.drc:1619
    Polygons (raw): 0 (flat)  0 (hierarchical)
    Elapsed: 0.000s  Memory: 3943.00M
"holes" in: sky130A_mr.drc:1621
    Polygons (raw): 0 (flat)  0 (hierarchical)
    Elapsed: 0.000s  Memory: 3943.00M
"with_area" in: sky130A_mr.drc:1622
    Polygons (raw): 0 (flat)  0 (hierarchical)
    Elapsed: 0.000s  Memory: 3943.00M
"output" in: sky130A_mr.drc:1623
    Polygons (raw): 0 (flat)  0 (hierarchical)
    Elapsed: 0.000s  Memory: 3943.00M
END: 72/20 (m5)
START: 76/20 (pad)
"space" in: sky130A_mr.drc:1628
    Edge pairs: 0 (flat)  0 (hierarchical)
    Elapsed: 0.000s  Memory: 3943.00M
"output" in: sky130A_mr.drc:1628
    Edge pairs: 0 (flat)  0 (hierarchical)
    Elapsed: 0.000s  Memory: 3943.00M
END: 76/20 (pad)
START: 81/10 (moduleCut)
"output" in: sky130A_mr.drc:1634
    Polygons (raw): 0 (flat)  0 (hierarchical)
    Elapsed: 0.000s  Memory: 3943.00M
END: 81/10 (moduleCut)
Writing report database: /tmp/tmpun5x6sdp/repo/precheck_results/07_MAY_2026___12_56_48/outputs/reports/klayout_beol_check.xml ..
Total elapsed: 722.650s  Memory: 3719.00M
Args:
	sram_exclude: false
	feol: false
	beol: true
	floating_met: false
	offgrid: false
	seal: 
 
Cell exclusion list:
   rule    | cell
   nwell.6 | sky130_fd_io__gpiov2_amux, sky130_fd_io__simple_pad_and_busses
 
release 2025.11.17_01.10
