2026-05-07 12:56:48 [INFO] Extracting compressed files in: /tmp/tmpun5x6sdp/repo
2026-05-07 12:56:48 [INFO] make uncompress produced 2 gds/*.gds file(s): user_proj_example.gds, user_project_wrapper.gds (make exit 0)
2026-05-07 12:56:48 [INFO] Project type: digital
2026-05-07 12:56:48 [INFO] GDS hash (user_project_wrapper): 20c9e7aeb7beaa326604acf1cb7e0ce0dcfb1fe5
2026-05-07 12:56:49 [INFO] Tools: KLayout v0.29.2 | Magic v8.3.471
2026-05-07 12:56:49 [INFO] PDK: SKY130A unknown
2026-05-07 12:56:49 [INFO] Running 13 checks: [topcell_check, gpio_defines, xor, klayout_feol, klayout_beol, klayout_offgrid, klayout_met_min_ca_density, klayout_pin_label_purposes_overlapping_drawing, klayout_zeroarea, spike_check, illegal_cellname_check, lvs, oeb]
2026-05-07 12:56:51 [INFO] Single top cell 'user_project_wrapper' found
2026-05-07 12:56:51 [INFO] GPIO defines: parsing verilog/rtl/user_defines.v
2026-05-07 12:56:52 [INFO] GPIO defines report: /tmp/tmpun5x6sdp/repo/precheck_results/07_MAY_2026___12_56_48/outputs/reports/gpio_defines.report
2026-05-07 12:57:10 [INFO] Total XOR differences: 0
2026-05-07 12:57:10 [INFO] Running: klayout -b -r /usr/local/lib/python3.9/site-packages/cf_precheck/drc_scripts/sky130A_mr.drc -rd input=/tmp/tmpun5x6sdp/repo/gds/user_project_wrapper.gds -rd topcell=user_project_wrapper -rd report=/tmp/tmpun5x6sdp/repo/precheck_results/07_MAY_2026___12_56_48/outputs/reports/klayout_feol_check.xml -rd thr=2 -rd feol=true
2026-05-07 13:01:55 [INFO] No DRC violations found
2026-05-07 13:01:55 [INFO] Running: klayout -b -r /usr/local/lib/python3.9/site-packages/cf_precheck/drc_scripts/sky130A_mr.drc -rd input=/tmp/tmpun5x6sdp/repo/gds/user_project_wrapper.gds -rd topcell=user_project_wrapper -rd report=/tmp/tmpun5x6sdp/repo/precheck_results/07_MAY_2026___12_56_48/outputs/reports/klayout_beol_check.xml -rd thr=2 -rd beol=true
2026-05-07 13:13:58 [INFO] No DRC violations found
2026-05-07 13:13:58 [INFO] Running: klayout -b -r /usr/local/lib/python3.9/site-packages/cf_precheck/drc_scripts/sky130A_mr.drc -rd input=/tmp/tmpun5x6sdp/repo/gds/user_project_wrapper.gds -rd topcell=user_project_wrapper -rd report=/tmp/tmpun5x6sdp/repo/precheck_results/07_MAY_2026___12_56_48/outputs/reports/klayout_offgrid_check.xml -rd thr=2 -rd offgrid=true
2026-05-07 13:16:52 [INFO] No DRC violations found
2026-05-07 13:16:52 [INFO] Running: klayout -b -r /usr/local/lib/python3.9/site-packages/cf_precheck/drc_scripts/met_min_ca_density.lydrc -rd input=/tmp/tmpun5x6sdp/repo/gds/user_project_wrapper.gds -rd topcell=user_project_wrapper -rd report=/tmp/tmpun5x6sdp/repo/precheck_results/07_MAY_2026___12_56_48/outputs/reports/klayout_met_min_ca_density_check.xml -rd thr=2
2026-05-07 13:17:39 [INFO] No DRC violations found
2026-05-07 13:17:39 [INFO] Running: klayout -b -r /usr/local/lib/python3.9/site-packages/cf_precheck/drc_scripts/pin_label_purposes_overlapping_drawing.rb.drc -rd input=/tmp/tmpun5x6sdp/repo/gds/user_project_wrapper.gds -rd topcell=user_project_wrapper -rd report=/tmp/tmpun5x6sdp/repo/precheck_results/07_MAY_2026___12_56_48/outputs/reports/klayout_pin_label_purposes_overlapping_drawing_check.xml -rd thr=2 -rd top_cell_name=user_project_wrapper
2026-05-07 13:18:09 [INFO] No DRC violations found
2026-05-07 13:18:09 [INFO] Running: klayout -b -r /usr/local/lib/python3.9/site-packages/cf_precheck/drc_scripts/zeroarea.rb.drc -rd input=/tmp/tmpun5x6sdp/repo/gds/user_project_wrapper.gds -rd topcell=user_project_wrapper -rd report=/tmp/tmpun5x6sdp/repo/precheck_results/07_MAY_2026___12_56_48/outputs/reports/klayout_zeroarea_check.xml -rd thr=2 -rd cleaned_output=/tmp/tmpun5x6sdp/repo/precheck_results/07_MAY_2026___12_56_48/outputs/user_project_wrapper_no_zero_areas.gds
2026-05-07 13:18:17 [INFO] No DRC violations found
2026-05-07 13:18:17 [INFO] Running: bash /usr/local/lib/python3.9/site-packages/cf_precheck/drc_scripts/gdsArea0 -V -m /tmp/tmpun5x6sdp/repo/precheck_results/07_MAY_2026___12_56_48/outputs/reports/spike_check.xml /tmp/tmpun5x6sdp/repo/gds/user_project_wrapper.gds
2026-05-07 13:18:23 [INFO] No spikes found
2026-05-07 13:18:25 [INFO] Loading LVS environment from /tmp/tmpun5x6sdp/repo/lvs/user_project_wrapper/lvs_config.json
2026-05-07 13:18:25 [INFO] EXTRACT_FLATGLOB: 
2026-05-07 13:18:25 [INFO] EXTRACT_ABSTRACT: *__fill_* *__fakediode_* *__tapvpwrvgnd_*
2026-05-07 13:18:25 [WARNING] Missing LVS configuration variable EXTRACT_CREATE_SUBCUT
2026-05-07 13:18:25 [INFO] LVS_FLATTEN: 
2026-05-07 13:18:25 [INFO] LVS_NOFLATTEN: 
2026-05-07 13:18:25 [INFO] LVS_IGNORE: 
2026-05-07 13:18:25 [INFO] LVS_SPICE_FILES: /opt/pdks/sky130A/libs.ref/sky130_fd_sc_hd/spice/sky130_ef_sc_hd__decap_12.spice /opt/pdks/sky130A/libs.ref/sky130_fd_sc_hd/spice/sky130_fd_sc_hd.spice
2026-05-07 13:18:25 [INFO] LVS_VERILOG_FILES: /tmp/tmpun5x6sdp/repo/verilog/gl/drone_core.v /tmp/tmpun5x6sdp/repo/verilog/gl/user_project_wrapper.v
2026-05-07 13:18:25 [INFO] LAYOUT_FILE: /tmp/tmpun5x6sdp/repo/gds/user_project_wrapper.gds
2026-05-07 13:18:25 [INFO] Running: run_be_checks --nooeb
2026-05-07 13:18:25 [INFO] LVS output directory: /tmp/tmpun5x6sdp/repo/precheck_results/07_MAY_2026___12_56_48
2026-05-07 13:28:25 [INFO] Loading LVS environment from /tmp/tmpun5x6sdp/repo/lvs/user_project_wrapper/lvs_config.json
2026-05-07 13:28:25 [INFO] EXTRACT_FLATGLOB: 
2026-05-07 13:28:25 [INFO] EXTRACT_ABSTRACT: *__fill_* *__fakediode_* *__tapvpwrvgnd_*
2026-05-07 13:28:25 [WARNING] Missing LVS configuration variable EXTRACT_CREATE_SUBCUT
2026-05-07 13:28:25 [INFO] LVS_FLATTEN: 
2026-05-07 13:28:25 [INFO] LVS_NOFLATTEN: 
2026-05-07 13:28:25 [INFO] LVS_IGNORE: 
2026-05-07 13:28:25 [INFO] LVS_SPICE_FILES: /opt/pdks/sky130A/libs.ref/sky130_fd_sc_hd/spice/sky130_ef_sc_hd__decap_12.spice /opt/pdks/sky130A/libs.ref/sky130_fd_sc_hd/spice/sky130_fd_sc_hd.spice
2026-05-07 13:28:25 [INFO] LVS_VERILOG_FILES: /tmp/tmpun5x6sdp/repo/verilog/gl/drone_core.v /tmp/tmpun5x6sdp/repo/verilog/gl/user_project_wrapper.v
2026-05-07 13:28:25 [INFO] LAYOUT_FILE: /tmp/tmpun5x6sdp/repo/gds/user_project_wrapper.gds
2026-05-07 13:28:25 [INFO] Running: run_oeb_check --noextract
2026-05-07 13:28:25 [INFO] OEB output directory: /tmp/tmpun5x6sdp/repo/precheck_results/07_MAY_2026___12_56_48
2026-05-07 13:28:33 [ERROR] OEB FAILED (stat=6), see /tmp/tmpun5x6sdp/repo/precheck_results/07_MAY_2026___12_56_48/logs/OEB_check.log
